Connecting to database specified by database.yml
Connecting to database specified by database.yml
Connecting to database specified by database.yml


Started GET "/" for 127.0.0.1 at 2013-01-05 18:19:40 -0300
Processing by HomeController#index as HTML
Completed 500 Internal Server Error in 63ms

ActiveRecord::StatementInvalid - Could not find table 'users':
  (gem) activerecord-3.2.9/lib/active_record/connection_adapters/sqlite_adapter.rb:472:in `table_structure'
  (gem) activerecord-3.2.9/lib/active_record/connection_adapters/sqlite_adapter.rb:346:in `columns'
  (gem) activerecord-3.2.9/lib/active_record/connection_adapters/schema_cache.rb:12:in `block in initialize'
  (gem) activerecord-3.2.9/lib/active_record/model_schema.rb:228:in `yield'
  (gem) activerecord-3.2.9/lib/active_record/model_schema.rb:228:in `default'
  (gem) activerecord-3.2.9/lib/active_record/model_schema.rb:228:in `columns'
  (gem) activerecord-3.2.9/lib/active_record/model_schema.rb:237:in `columns_hash'
  (gem) activerecord-3.2.9/lib/active_record/locking/optimistic.rb:129:in `locking_enabled?'
  (gem) activerecord-3.2.9/lib/active_record/relation.rb:170:in `exec_queries'
  (gem) activerecord-3.2.9/lib/active_record/relation.rb:160:in `block in to_a'
  (gem) activerecord-3.2.9/lib/active_record/explain.rb:33:in `logging_query_plan'
  (gem) activerecord-3.2.9/lib/active_record/relation.rb:159:in `to_a'
  (gem) activerecord-3.2.9/lib/active_record/relation/finder_methods.rb:159:in `all'
  (gem) activerecord-3.2.9/lib/active_record/querying.rb:5:in `all'
  app/controllers/home_controller.rb:3:in `index'
  (gem) actionpack-3.2.9/lib/action_controller/metal/implicit_render.rb:4:in `send_action'
  (gem) actionpack-3.2.9/lib/abstract_controller/base.rb:167:in `process_action'
  (gem) actionpack-3.2.9/lib/action_controller/metal/rendering.rb:10:in `process_action'
  (gem) actionpack-3.2.9/lib/abstract_controller/callbacks.rb:18:in `block in process_action'
  (gem) activesupport-3.2.9/lib/active_support/callbacks.rb:414:in `_run__751867044__process_action__667706174__callbacks'
  (gem) activesupport-3.2.9/lib/active_support/callbacks.rb:405:in `__run_callback'
  (gem) activesupport-3.2.9/lib/active_support/callbacks.rb:385:in `_run_process_action_callbacks'
  (gem) activesupport-3.2.9/lib/active_support/callbacks.rb:81:in `run_callbacks'
  (gem) actionpack-3.2.9/lib/abstract_controller/callbacks.rb:17:in `process_action'
  (gem) actionpack-3.2.9/lib/action_controller/metal/rescue.rb:29:in `process_action'
  (gem) actionpack-3.2.9/lib/action_controller/metal/instrumentation.rb:30:in `block in process_action'
  (gem) activesupport-3.2.9/lib/active_support/notifications.rb:123:in `block in instrument'
  (gem) activesupport-3.2.9/lib/active_support/notifications/instrumenter.rb:20:in `instrument'
  (gem) activesupport-3.2.9/lib/active_support/notifications.rb:123:in `instrument'
  (gem) actionpack-3.2.9/lib/action_controller/metal/instrumentation.rb:29:in `process_action'
  (gem) actionpack-3.2.9/lib/action_controller/metal/params_wrapper.rb:207:in `process_action'
  (gem) activerecord-3.2.9/lib/active_record/railties/controller_runtime.rb:18:in `process_action'
  (gem) actionpack-3.2.9/lib/abstract_controller/base.rb:121:in `process'
  (gem) actionpack-3.2.9/lib/abstract_controller/rendering.rb:45:in `process'
  (gem) actionpack-3.2.9/lib/action_controller/metal.rb:203:in `dispatch'
  (gem) actionpack-3.2.9/lib/action_controller/metal/rack_delegation.rb:14:in `dispatch'
  (gem) actionpack-3.2.9/lib/action_controller/metal.rb:246:in `block in action'
  (gem) actionpack-3.2.9/lib/action_dispatch/routing/route_set.rb:73:in `call'
  (gem) actionpack-3.2.9/lib/action_dispatch/routing/route_set.rb:73:in `dispatch'
  (gem) actionpack-3.2.9/lib/action_dispatch/routing/route_set.rb:36:in `call'
  (gem) journey-1.0.4/lib/journey/router.rb:68:in `block in call'
  (gem) journey-1.0.4/lib/journey/router.rb:56:in `each'
  (gem) journey-1.0.4/lib/journey/router.rb:56:in `call'
  (gem) actionpack-3.2.9/lib/action_dispatch/routing/route_set.rb:601:in `call'
  (gem) better_errors-0.3.0/lib/better_errors/middleware.rb:51:in `app_call'
  (gem) better_errors-0.3.0/lib/better_errors/middleware.rb:45:in `call'
  (gem) warden-1.2.1/lib/warden/manager.rb:35:in `block in call'
  (gem) warden-1.2.1/lib/warden/manager.rb:34:in `catch'
  (gem) warden-1.2.1/lib/warden/manager.rb:34:in `call'
  (gem) actionpack-3.2.9/lib/action_dispatch/middleware/best_standards_support.rb:17:in `call'
  (gem) rack-1.4.1/lib/rack/etag.rb:23:in `call'
  (gem) rack-1.4.1/lib/rack/conditionalget.rb:25:in `call'
  (gem) actionpack-3.2.9/lib/action_dispatch/middleware/head.rb:14:in `call'
  (gem) actionpack-3.2.9/lib/action_dispatch/middleware/params_parser.rb:21:in `call'
  (gem) actionpack-3.2.9/lib/action_dispatch/middleware/flash.rb:242:in `call'
  (gem) rack-1.4.1/lib/rack/session/abstract/id.rb:205:in `context'
  (gem) rack-1.4.1/lib/rack/session/abstract/id.rb:200:in `call'
  (gem) actionpack-3.2.9/lib/action_dispatch/middleware/cookies.rb:341:in `call'
  (gem) activerecord-3.2.9/lib/active_record/query_cache.rb:64:in `call'
  (gem) activerecord-3.2.9/lib/active_record/connection_adapters/abstract/connection_pool.rb:479:in `call'
  (gem) actionpack-3.2.9/lib/action_dispatch/middleware/callbacks.rb:28:in `block in call'
  (gem) activesupport-3.2.9/lib/active_support/callbacks.rb:405:in `_run__499178618__call__712314526__callbacks'
  (gem) activesupport-3.2.9/lib/active_support/callbacks.rb:405:in `__run_callback'
  (gem) activesupport-3.2.9/lib/active_support/callbacks.rb:385:in `_run_call_callbacks'
  (gem) activesupport-3.2.9/lib/active_support/callbacks.rb:81:in `run_callbacks'
  (gem) actionpack-3.2.9/lib/action_dispatch/middleware/callbacks.rb:27:in `call'
  (gem) actionpack-3.2.9/lib/action_dispatch/middleware/reloader.rb:65:in `call'
  (gem) actionpack-3.2.9/lib/action_dispatch/middleware/remote_ip.rb:31:in `call'
  (gem) actionpack-3.2.9/lib/action_dispatch/middleware/debug_exceptions.rb:16:in `call'
  (gem) actionpack-3.2.9/lib/action_dispatch/middleware/show_exceptions.rb:56:in `call'
  (gem) railties-3.2.9/lib/rails/rack/logger.rb:32:in `call_app'
  (gem) railties-3.2.9/lib/rails/rack/logger.rb:16:in `block in call'
  (gem) activesupport-3.2.9/lib/active_support/tagged_logging.rb:22:in `tagged'
  (gem) railties-3.2.9/lib/rails/rack/logger.rb:16:in `call'
  (gem) quiet_assets-1.0.1/lib/quiet_assets.rb:20:in `call_with_quiet_assets'
  (gem) better_errors-0.3.0/lib/better_errors/disable_logging_middleware.rb:11:in `call'
  (gem) actionpack-3.2.9/lib/action_dispatch/middleware/request_id.rb:22:in `call'
  (gem) rack-1.4.1/lib/rack/methodoverride.rb:21:in `call'
  (gem) rack-1.4.1/lib/rack/runtime.rb:17:in `call'
  (gem) activesupport-3.2.9/lib/active_support/cache/strategy/local_cache.rb:72:in `call'
  (gem) rack-1.4.1/lib/rack/lock.rb:15:in `call'
  (gem) actionpack-3.2.9/lib/action_dispatch/middleware/static.rb:62:in `call'
  (gem) railties-3.2.9/lib/rails/engine.rb:479:in `call'
  (gem) railties-3.2.9/lib/rails/application.rb:223:in `call'
  (gem) rack-1.4.1/lib/rack/content_length.rb:14:in `call'
  (gem) railties-3.2.9/lib/rails/rack/log_tailer.rb:17:in `call'
  (gem) rack-1.4.1/lib/rack/handler/webrick.rb:59:in `service'
  /home/luiz-varela/.rvm/rubies/ruby-1.9.3-p194/lib/ruby/1.9.1/webrick/httpserver.rb:138:in `service'
  /home/luiz-varela/.rvm/rubies/ruby-1.9.3-p194/lib/ruby/1.9.1/webrick/httpserver.rb:94:in `run'
  /home/luiz-varela/.rvm/rubies/ruby-1.9.3-p194/lib/ruby/1.9.1/webrick/server.rb:191:in `block in start_thread'

Connecting to database specified by database.yml
  [1m[36m (0.1ms)[0m  [1mselect sqlite_version(*)[0m
  [1m[35m (223.9ms)[0m  CREATE TABLE "schema_migrations" ("version" varchar(255) NOT NULL) 
  [1m[36m (230.9ms)[0m  [1mCREATE UNIQUE INDEX "unique_schema_migrations" ON "schema_migrations" ("version")[0m
  [1m[35m (0.1ms)[0m  SELECT "schema_migrations"."version" FROM "schema_migrations" 
Migrating to DeviseCreateUsers (20120418171104)
  [1m[36m (0.0ms)[0m  [1mbegin transaction[0m
  [1m[35m (1.1ms)[0m  CREATE TABLE "users" ("id" INTEGER PRIMARY KEY AUTOINCREMENT NOT NULL, "email" varchar(255) DEFAULT '' NOT NULL, "encrypted_password" varchar(255) DEFAULT '' NOT NULL, "reset_password_token" varchar(255), "reset_password_sent_at" datetime, "remember_created_at" datetime, "sign_in_count" integer DEFAULT 0, "current_sign_in_at" datetime, "last_sign_in_at" datetime, "current_sign_in_ip" varchar(255), "last_sign_in_ip" varchar(255), "created_at" datetime NOT NULL, "updated_at" datetime NOT NULL) 
  [1m[36m (0.3ms)[0m  [1mCREATE UNIQUE INDEX "index_users_on_email" ON "users" ("email")[0m
  [1m[35m (0.2ms)[0m  CREATE UNIQUE INDEX "index_users_on_reset_password_token" ON "users" ("reset_password_token")
  [1m[36m (0.4ms)[0m  [1mINSERT INTO "schema_migrations" ("version") VALUES ('20120418171104')[0m
  [1m[35m (186.9ms)[0m  commit transaction
Migrating to RolifyCreateRoles (20120418171110)
  [1m[36m (0.1ms)[0m  [1mbegin transaction[0m
  [1m[35m (2.0ms)[0m  CREATE TABLE "roles" ("id" INTEGER PRIMARY KEY AUTOINCREMENT NOT NULL, "name" varchar(255), "resource_id" integer, "resource_type" varchar(255), "created_at" datetime NOT NULL, "updated_at" datetime NOT NULL) 
  [1m[36m (0.4ms)[0m  [1mCREATE TABLE "users_roles" ("user_id" integer, "role_id" integer) [0m
  [1m[35m (0.4ms)[0m  CREATE INDEX "index_roles_on_name" ON "roles" ("name")
  [1m[36m (0.4ms)[0m  [1mCREATE INDEX "index_roles_on_name_and_resource_type_and_resource_id" ON "roles" ("name", "resource_type", "resource_id")[0m
  [1m[35m (0.9ms)[0m  CREATE INDEX "index_users_roles_on_user_id_and_role_id" ON "users_roles" ("user_id", "role_id")
  [1m[36m (0.6ms)[0m  [1mINSERT INTO "schema_migrations" ("version") VALUES ('20120418171110')[0m
  [1m[35m (184.5ms)[0m  commit transaction
Migrating to AddNameToUsers (20120418171112)
  [1m[36m (0.1ms)[0m  [1mbegin transaction[0m
  [1m[35m (2.1ms)[0m  ALTER TABLE "users" ADD "name" varchar(255)
  [1m[36m (0.5ms)[0m  [1mINSERT INTO "schema_migrations" ("version") VALUES ('20120418171112')[0m
  [1m[35m (180.0ms)[0m  commit transaction
  [1m[36m (0.1ms)[0m  [1mSELECT "schema_migrations"."version" FROM "schema_migrations" [0m
Connecting to database specified by database.yml


Started GET "/" for 127.0.0.1 at 2013-01-05 18:21:05 -0300
Processing by HomeController#index as HTML
  [1m[36mUser Load (0.1ms)[0m  [1mSELECT "users".* FROM "users" [0m
  Rendered home/index.html.erb within layouts/application (9.5ms)
Compiled bootstrap_and_overrides.css  (3232ms)  (pid 19197)
Compiled home.css  (2ms)  (pid 19197)
Compiled application.css  (3444ms)  (pid 19197)
Compiled jquery.js  (3ms)  (pid 19197)
Compiled jquery_ujs.js  (0ms)  (pid 19197)
Compiled bootstrap-transition.js  (0ms)  (pid 19197)
Compiled bootstrap-affix.js  (0ms)  (pid 19197)
Compiled bootstrap-alert.js  (0ms)  (pid 19197)
Compiled bootstrap-button.js  (0ms)  (pid 19197)
Compiled bootstrap-carousel.js  (0ms)  (pid 19197)
Compiled bootstrap-collapse.js  (0ms)  (pid 19197)
Compiled bootstrap-dropdown.js  (0ms)  (pid 19197)
Compiled bootstrap-modal.js  (0ms)  (pid 19197)
Compiled bootstrap-scrollspy.js  (0ms)  (pid 19197)
Compiled bootstrap-tab.js  (0ms)  (pid 19197)
Compiled bootstrap-tooltip.js  (0ms)  (pid 19197)
Compiled bootstrap-popover.js  (0ms)  (pid 19197)
Compiled bootstrap-typeahead.js  (0ms)  (pid 19197)
Compiled bootstrap.js  (399ms)  (pid 19197)
Compiled home.js  (505ms)  (pid 19197)
Compiled application.js  (1108ms)  (pid 19197)
  Rendered layouts/_navigation.html.erb (2.0ms)
  Rendered layouts/_messages.html.erb (0.5ms)
Completed 200 OK in 4954ms (Views: 4889.8ms | ActiveRecord: 2.7ms)


Started GET "/users/sign_in" for 127.0.0.1 at 2013-01-05 18:21:34 -0300
Processing by Devise::SessionsController#new as HTML
  Rendered devise/shared/_links.html.erb (2.1ms)
  Rendered devise/sessions/new.html.erb within layouts/application (286.7ms)
  Rendered layouts/_navigation.html.erb (0.9ms)
  Rendered layouts/_messages.html.erb (0.0ms)
Completed 200 OK in 350ms (Views: 309.2ms | ActiveRecord: 0.0ms)
Connecting to database specified by database.yml


Started POST "/users/sign_in" for 127.0.0.1 at 2013-01-05 18:24:34 -0300
Processing by Devise::SessionsController#create as HTML
  Parameters: {"utf8"=>"✓", "authenticity_token"=>"Io9Jk1zmLg6sWznrc5IzqqtaAk19G6NyukdtaxvpZYA=", "user"=>{"email"=>"user@example.com", "password"=>"[FILTERED]", "remember_me"=>"0"}, "commit"=>"Sign in"}
  [1m[35mUser Load (0.2ms)[0m  SELECT "users".* FROM "users" WHERE "users"."email" = 'user@example.com' LIMIT 1
Completed 401 Unauthorized in 31ms
Processing by Devise::SessionsController#new as HTML
  Parameters: {"utf8"=>"✓", "authenticity_token"=>"Io9Jk1zmLg6sWznrc5IzqqtaAk19G6NyukdtaxvpZYA=", "user"=>{"email"=>"user@example.com", "password"=>"[FILTERED]", "remember_me"=>"0"}, "commit"=>"Sign in"}
  Rendered devise/shared/_links.html.erb (0.4ms)
  Rendered devise/sessions/new.html.erb within layouts/application (9.0ms)
  Rendered layouts/_navigation.html.erb (0.7ms)
  Rendered layouts/_messages.html.erb (0.1ms)
Completed 200 OK in 308ms (Views: 51.4ms | ActiveRecord: 0.0ms)


Started GET "/" for 127.0.0.1 at 2013-01-05 18:24:37 -0300
Processing by HomeController#index as HTML
  [1m[36mUser Load (0.2ms)[0m  [1mSELECT "users".* FROM "users" [0m
  Rendered home/index.html.erb within layouts/application (0.0ms)
  Rendered layouts/_navigation.html.erb (0.8ms)
  Rendered layouts/_messages.html.erb (0.0ms)
Completed 200 OK in 21ms (Views: 19.8ms | ActiveRecord: 0.2ms)


Started GET "/users/sign_up" for 127.0.0.1 at 2013-01-05 18:24:39 -0300
Processing by Devise::RegistrationsController#new as HTML
  Rendered devise/shared/_links.html.erb (0.7ms)
  Rendered devise/registrations/new.html.erb within layouts/application (42.6ms)
  Rendered layouts/_navigation.html.erb (0.9ms)
  Rendered layouts/_messages.html.erb (0.1ms)
Completed 200 OK in 67ms (Views: 66.0ms | ActiveRecord: 0.0ms)


Started GET "/" for 127.0.0.1 at 2013-01-05 18:24:40 -0300
Processing by HomeController#index as HTML
  [1m[35mUser Load (0.2ms)[0m  SELECT "users".* FROM "users" 
  Rendered home/index.html.erb within layouts/application (0.1ms)
  Rendered layouts/_navigation.html.erb (0.9ms)
  Rendered layouts/_messages.html.erb (0.0ms)
Completed 200 OK in 71ms (Views: 70.3ms | ActiveRecord: 0.2ms)


Started GET "/users/sign_in" for 127.0.0.1 at 2013-01-05 18:25:43 -0300
Processing by Devise::SessionsController#new as HTML
  Rendered devise/shared/_links.html.erb (0.4ms)
  Rendered devise/sessions/new.html.erb within layouts/application (8.4ms)
  Rendered layouts/_navigation.html.erb (0.8ms)
  Rendered layouts/_messages.html.erb (0.1ms)
Completed 200 OK in 30ms (Views: 28.9ms | ActiveRecord: 0.0ms)


Started POST "/users/sign_in" for 127.0.0.1 at 2013-01-05 18:25:51 -0300
Processing by Devise::SessionsController#create as HTML
  Parameters: {"utf8"=>"✓", "authenticity_token"=>"Io9Jk1zmLg6sWznrc5IzqqtaAk19G6NyukdtaxvpZYA=", "user"=>{"email"=>"user@example.com", "password"=>"[FILTERED]", "remember_me"=>"0"}, "commit"=>"Sign in"}
  [1m[36mUser Load (0.3ms)[0m  [1mSELECT "users".* FROM "users" WHERE "users"."email" = 'user@example.com' LIMIT 1[0m
Completed 401 Unauthorized in 2ms
Processing by Devise::SessionsController#new as HTML
  Parameters: {"utf8"=>"✓", "authenticity_token"=>"Io9Jk1zmLg6sWznrc5IzqqtaAk19G6NyukdtaxvpZYA=", "user"=>{"email"=>"user@example.com", "password"=>"[FILTERED]", "remember_me"=>"0"}, "commit"=>"Sign in"}
  Rendered devise/shared/_links.html.erb (0.4ms)
  Rendered devise/sessions/new.html.erb within layouts/application (8.0ms)
  Rendered layouts/_navigation.html.erb (0.6ms)
  Rendered layouts/_messages.html.erb (0.1ms)
Completed 200 OK in 171ms (Views: 54.5ms | ActiveRecord: 0.0ms)


Started GET "/users/sign_up" for 127.0.0.1 at 2013-01-05 18:29:24 -0300
Processing by Devise::RegistrationsController#new as HTML
  Rendered devise/shared/_links.html.erb (0.4ms)
  Rendered devise/registrations/new.html.erb within layouts/application (13.2ms)
  Rendered layouts/_navigation.html.erb (0.8ms)
  Rendered layouts/_messages.html.erb (0.0ms)
Completed 200 OK in 36ms (Views: 35.4ms | ActiveRecord: 0.0ms)


Started POST "/users" for 127.0.0.1 at 2013-01-05 18:29:37 -0300
Processing by Devise::RegistrationsController#create as HTML
  Parameters: {"utf8"=>"✓", "authenticity_token"=>"Io9Jk1zmLg6sWznrc5IzqqtaAk19G6NyukdtaxvpZYA=", "user"=>{"name"=>"user", "email"=>"user@example.com", "password"=>"[FILTERED]", "password_confirmation"=>"[FILTERED]"}, "commit"=>"Sign up"}
  [1m[35m (0.1ms)[0m  begin transaction
  [1m[36mUser Exists (0.1ms)[0m  [1mSELECT 1 AS one FROM "users" WHERE "users"."email" = 'user@example.com' LIMIT 1[0m
Binary data inserted for `string` type on column `encrypted_password`
  [1m[35mSQL (45.6ms)[0m  INSERT INTO "users" ("created_at", "current_sign_in_at", "current_sign_in_ip", "email", "encrypted_password", "last_sign_in_at", "last_sign_in_ip", "name", "remember_created_at", "reset_password_sent_at", "reset_password_token", "sign_in_count", "updated_at") VALUES (?, ?, ?, ?, ?, ?, ?, ?, ?, ?, ?, ?, ?)  [["created_at", Sat, 05 Jan 2013 21:29:37 UTC +00:00], ["current_sign_in_at", nil], ["current_sign_in_ip", nil], ["email", "user@example.com"], ["encrypted_password", "$2a$10$aS5fQaskA2DqIVXTzjdGr.z5RCYuEX6dv0H.F8sLBI6yapU1Wkn/y"], ["last_sign_in_at", nil], ["last_sign_in_ip", nil], ["name", "user"], ["remember_created_at", nil], ["reset_password_sent_at", nil], ["reset_password_token", nil], ["sign_in_count", 0], ["updated_at", Sat, 05 Jan 2013 21:29:37 UTC +00:00]]
  [1m[36m (339.7ms)[0m  [1mcommit transaction[0m
  [1m[35m (0.1ms)[0m  begin transaction
  [1m[36m (0.6ms)[0m  [1mUPDATE "users" SET "last_sign_in_at" = '2013-01-05 21:29:37.671189', "current_sign_in_at" = '2013-01-05 21:29:37.671189', "last_sign_in_ip" = '127.0.0.1', "current_sign_in_ip" = '127.0.0.1', "sign_in_count" = 1, "updated_at" = '2013-01-05 21:29:37.673377' WHERE "users"."id" = 1[0m
  [1m[35m (190.6ms)[0m  commit transaction
Redirected to http://0.0.0.0:3000/
Completed 302 Found in 794ms (ActiveRecord: 0.0ms)


Started GET "/" for 127.0.0.1 at 2013-01-05 18:29:37 -0300
  [1m[36mUser Load (0.6ms)[0m  [1mSELECT "users".* FROM "users" WHERE "users"."id" = 1 LIMIT 1[0m
Processing by HomeController#index as HTML
  [1m[35mUser Load (0.2ms)[0m  SELECT "users".* FROM "users" 
  Rendered home/index.html.erb within layouts/application (0.6ms)
  [1m[36m (0.1ms)[0m  [1mSELECT COUNT(*) FROM "roles" INNER JOIN "users_roles" ON "roles"."id" = "users_roles"."role_id" WHERE "users_roles"."user_id" = 1 AND (((roles.name = 'admin') AND (roles.resource_type IS NULL) AND (roles.resource_id IS NULL)))[0m
  Rendered layouts/_navigation.html.erb (77.4ms)
  Rendered layouts/_messages.html.erb (0.1ms)
Completed 200 OK in 99ms (Views: 97.3ms | ActiveRecord: 0.9ms)


Started GET "/users/edit" for 127.0.0.1 at 2013-01-05 18:29:41 -0300
Processing by Devise::RegistrationsController#edit as HTML
  [1m[35mUser Load (0.3ms)[0m  SELECT "users".* FROM "users" WHERE "users"."id" = 1 LIMIT 1
  Rendered devise/registrations/edit.html.erb within layouts/application (11.6ms)
  [1m[36m (0.2ms)[0m  [1mSELECT COUNT(*) FROM "roles" INNER JOIN "users_roles" ON "roles"."id" = "users_roles"."role_id" WHERE "users_roles"."user_id" = 1 AND (((roles.name = 'admin') AND (roles.resource_type IS NULL) AND (roles.resource_id IS NULL)))[0m
  Rendered layouts/_navigation.html.erb (2.9ms)
  Rendered layouts/_messages.html.erb (0.1ms)
Completed 200 OK in 38ms (Views: 35.8ms | ActiveRecord: 0.5ms)


Started GET "/" for 127.0.0.1 at 2013-01-05 18:29:43 -0300
  [1m[35mUser Load (0.4ms)[0m  SELECT "users".* FROM "users" WHERE "users"."id" = 1 LIMIT 1
Processing by HomeController#index as HTML
  [1m[36mUser Load (0.3ms)[0m  [1mSELECT "users".* FROM "users" [0m
  Rendered home/index.html.erb within layouts/application (0.9ms)
  [1m[35m (0.2ms)[0m  SELECT COUNT(*) FROM "roles" INNER JOIN "users_roles" ON "roles"."id" = "users_roles"."role_id" WHERE "users_roles"."user_id" = 1 AND (((roles.name = 'admin') AND (roles.resource_type IS NULL) AND (roles.resource_id IS NULL)))
  Rendered layouts/_navigation.html.erb (3.7ms)
  Rendered layouts/_messages.html.erb (0.1ms)
Completed 200 OK in 30ms (Views: 28.7ms | ActiveRecord: 0.6ms)


Started GET "/users/1" for 127.0.0.1 at 2013-01-05 18:29:46 -0300
Processing by UsersController#show as HTML
  Parameters: {"id"=>"1"}
  [1m[36mUser Load (0.2ms)[0m  [1mSELECT "users".* FROM "users" WHERE "users"."id" = 1 LIMIT 1[0m
  [1m[35mUser Load (0.2ms)[0m  SELECT "users".* FROM "users" WHERE "users"."id" = ? LIMIT 1  [["id", "1"]]
  Rendered users/show.html.erb within layouts/application (0.4ms)
  [1m[36m (0.2ms)[0m  [1mSELECT COUNT(*) FROM "roles" INNER JOIN "users_roles" ON "roles"."id" = "users_roles"."role_id" WHERE "users_roles"."user_id" = 1 AND (((roles.name = 'admin') AND (roles.resource_type IS NULL) AND (roles.resource_id IS NULL)))[0m
  Rendered layouts/_navigation.html.erb (3.1ms)
  Rendered layouts/_messages.html.erb (0.1ms)
Completed 200 OK in 28ms (Views: 25.1ms | ActiveRecord: 0.6ms)


Started GET "/" for 127.0.0.1 at 2013-01-05 18:29:49 -0300
  [1m[35mUser Load (0.3ms)[0m  SELECT "users".* FROM "users" WHERE "users"."id" = 1 LIMIT 1
Processing by HomeController#index as HTML
  [1m[36mUser Load (0.2ms)[0m  [1mSELECT "users".* FROM "users" [0m
  Rendered home/index.html.erb within layouts/application (0.8ms)
  [1m[35m (0.2ms)[0m  SELECT COUNT(*) FROM "roles" INNER JOIN "users_roles" ON "roles"."id" = "users_roles"."role_id" WHERE "users_roles"."user_id" = 1 AND (((roles.name = 'admin') AND (roles.resource_type IS NULL) AND (roles.resource_id IS NULL)))
  Rendered layouts/_navigation.html.erb (2.9ms)
  Rendered layouts/_messages.html.erb (0.1ms)
Completed 200 OK in 24ms (Views: 23.1ms | ActiveRecord: 0.4ms)


Started GET "/" for 127.0.0.1 at 2013-01-05 18:32:23 -0300
  [1m[36mUser Load (0.4ms)[0m  [1mSELECT "users".* FROM "users" WHERE "users"."id" = 1 LIMIT 1[0m
Processing by HomeController#index as HTML
  [1m[35mUser Load (0.3ms)[0m  SELECT "users".* FROM "users" 
  Rendered home/index.html.erb within layouts/application (0.6ms)
  [1m[36m (0.2ms)[0m  [1mSELECT COUNT(*) FROM "roles" INNER JOIN "users_roles" ON "roles"."id" = "users_roles"."role_id" WHERE "users_roles"."user_id" = 1 AND (((roles.name = 'admin') AND (roles.resource_type IS NULL) AND (roles.resource_id IS NULL)))[0m
  Rendered layouts/_navigation.html.erb (29.5ms)
  Rendered layouts/_messages.html.erb (0.1ms)
Completed 200 OK in 51ms (Views: 49.5ms | ActiveRecord: 0.5ms)


Started GET "/users" for 127.0.0.1 at 2013-01-05 18:32:30 -0300
Processing by UsersController#index as HTML
  [1m[35mUser Load (0.2ms)[0m  SELECT "users".* FROM "users" WHERE "users"."id" = 1 LIMIT 1
  [1m[36m (0.2ms)[0m  [1mSELECT COUNT(*) FROM "roles" INNER JOIN "users_roles" ON "roles"."id" = "users_roles"."role_id" WHERE "users_roles"."user_id" = 1 AND (((roles.name = 'admin') AND (roles.resource_type IS NULL) AND (roles.resource_id IS NULL)))[0m
  [1m[35mUser Load (0.2ms)[0m  SELECT "users".* FROM "users" 
  [1m[36mRole Load (0.6ms)[0m  [1mSELECT "roles".* FROM "roles" INNER JOIN "users_roles" ON "roles"."id" = "users_roles"."role_id" WHERE "users_roles"."user_id" = 1 LIMIT 1[0m
  [1m[35mCACHE (0.0ms)[0m  SELECT "roles".* FROM "roles" INNER JOIN "users_roles" ON "roles"."id" = "users_roles"."role_id" WHERE "users_roles"."user_id" = 1 LIMIT 1
  [1m[36mRole Load (0.2ms)[0m  [1mSELECT "roles".* FROM "roles" [0m
  [1m[35m (0.1ms)[0m  SELECT "roles".id FROM "roles" INNER JOIN "users_roles" ON "roles"."id" = "users_roles"."role_id" WHERE "users_roles"."user_id" = 1
  Rendered users/_user.html.erb (5.6ms)
  Rendered users/index.html.erb within layouts/application (104.6ms)
  [1m[36mCACHE (0.0ms)[0m  [1mSELECT COUNT(*) FROM "roles" INNER JOIN "users_roles" ON "roles"."id" = "users_roles"."role_id" WHERE "users_roles"."user_id" = 1 AND (((roles.name = 'admin') AND (roles.resource_type IS NULL) AND (roles.resource_id IS NULL)))[0m
  Rendered layouts/_navigation.html.erb (2.8ms)
  Rendered layouts/_messages.html.erb (0.1ms)
Completed 200 OK in 159ms (Views: 152.5ms | ActiveRecord: 1.5ms)


Started GET "/" for 127.0.0.1 at 2013-01-05 18:32:40 -0300
  [1m[35mUser Load (0.2ms)[0m  SELECT "users".* FROM "users" WHERE "users"."id" = 1 LIMIT 1
Processing by HomeController#index as HTML
  [1m[36mUser Load (0.2ms)[0m  [1mSELECT "users".* FROM "users" [0m
  Rendered home/index.html.erb within layouts/application (0.6ms)
  [1m[35m (0.2ms)[0m  SELECT COUNT(*) FROM "roles" INNER JOIN "users_roles" ON "roles"."id" = "users_roles"."role_id" WHERE "users_roles"."user_id" = 1 AND (((roles.name = 'admin') AND (roles.resource_type IS NULL) AND (roles.resource_id IS NULL)))
  Rendered layouts/_navigation.html.erb (3.2ms)
  Rendered layouts/_messages.html.erb (0.1ms)
Completed 200 OK in 24ms (Views: 23.0ms | ActiveRecord: 0.4ms)


Started DELETE "/users/sign_out" for 127.0.0.1 at 2013-01-05 18:32:42 -0300
Processing by Devise::SessionsController#destroy as HTML
  Parameters: {"authenticity_token"=>"Io9Jk1zmLg6sWznrc5IzqqtaAk19G6NyukdtaxvpZYA="}
  [1m[36mUser Load (0.3ms)[0m  [1mSELECT "users".* FROM "users" WHERE "users"."id" = 1 LIMIT 1[0m
  [1m[35m (0.1ms)[0m  begin transaction
  [1m[36m (0.0ms)[0m  [1mcommit transaction[0m
Redirected to http://0.0.0.0:3000/
Completed 302 Found in 72ms (ActiveRecord: 0.4ms)


Started GET "/" for 127.0.0.1 at 2013-01-05 18:32:42 -0300
Processing by HomeController#index as HTML
  [1m[35mUser Load (0.5ms)[0m  SELECT "users".* FROM "users" 
  Rendered home/index.html.erb within layouts/application (0.5ms)
  Rendered layouts/_navigation.html.erb (0.7ms)
  Rendered layouts/_messages.html.erb (0.1ms)
Completed 200 OK in 25ms (Views: 22.0ms | ActiveRecord: 0.5ms)


Started GET "/users/1" for 127.0.0.1 at 2013-01-05 18:32:47 -0300
Processing by UsersController#show as HTML
  Parameters: {"id"=>"1"}
Completed 401 Unauthorized in 0ms


Started GET "/users/sign_in" for 127.0.0.1 at 2013-01-05 18:32:47 -0300
Processing by Devise::SessionsController#new as HTML
  Rendered devise/shared/_links.html.erb (0.4ms)
  Rendered devise/sessions/new.html.erb within layouts/application (8.6ms)
  Rendered layouts/_navigation.html.erb (0.8ms)
  Rendered layouts/_messages.html.erb (0.1ms)
Completed 200 OK in 30ms (Views: 29.0ms | ActiveRecord: 0.0ms)


Started GET "/" for 127.0.0.1 at 2013-01-05 18:32:49 -0300
Processing by HomeController#index as HTML
  [1m[36mUser Load (0.2ms)[0m  [1mSELECT "users".* FROM "users" [0m
  Rendered home/index.html.erb within layouts/application (0.9ms)
  Rendered layouts/_navigation.html.erb (1.2ms)
  Rendered layouts/_messages.html.erb (0.1ms)
Completed 200 OK in 36ms (Views: 34.6ms | ActiveRecord: 0.2ms)


Started GET "/users/sign_up" for 127.0.0.1 at 2013-01-05 18:32:53 -0300
Processing by Devise::RegistrationsController#new as HTML
  Rendered devise/shared/_links.html.erb (0.5ms)
  Rendered devise/registrations/new.html.erb within layouts/application (9.5ms)
  Rendered layouts/_navigation.html.erb (0.9ms)
  Rendered layouts/_messages.html.erb (0.1ms)
Completed 200 OK in 31ms (Views: 30.3ms | ActiveRecord: 0.0ms)


Started POST "/users" for 127.0.0.1 at 2013-01-05 18:33:17 -0300
Processing by Devise::RegistrationsController#create as HTML
  Parameters: {"utf8"=>"✓", "authenticity_token"=>"mGjkT2C6sYUCiFHoEpDBbiOAU1TPUpaGfytStkCQQ9w=", "user"=>{"name"=>"user2", "email"=>"user2@test.com", "password"=>"[FILTERED]", "password_confirmation"=>"[FILTERED]"}, "commit"=>"Sign up"}
  [1m[35m (0.1ms)[0m  begin transaction
  [1m[36mUser Exists (0.2ms)[0m  [1mSELECT 1 AS one FROM "users" WHERE "users"."email" = 'user2@test.com' LIMIT 1[0m
Binary data inserted for `string` type on column `encrypted_password`
  [1m[35mSQL (1.3ms)[0m  INSERT INTO "users" ("created_at", "current_sign_in_at", "current_sign_in_ip", "email", "encrypted_password", "last_sign_in_at", "last_sign_in_ip", "name", "remember_created_at", "reset_password_sent_at", "reset_password_token", "sign_in_count", "updated_at") VALUES (?, ?, ?, ?, ?, ?, ?, ?, ?, ?, ?, ?, ?)  [["created_at", Sat, 05 Jan 2013 21:33:17 UTC +00:00], ["current_sign_in_at", nil], ["current_sign_in_ip", nil], ["email", "user2@test.com"], ["encrypted_password", "$2a$10$QLjuRkT05N8YA4l5hZx9Z..16IYOi2Z5ZxcZZxTaDYiwEusM1u7H."], ["last_sign_in_at", nil], ["last_sign_in_ip", nil], ["name", "user2"], ["remember_created_at", nil], ["reset_password_sent_at", nil], ["reset_password_token", nil], ["sign_in_count", 0], ["updated_at", Sat, 05 Jan 2013 21:33:17 UTC +00:00]]
  [1m[36m (397.7ms)[0m  [1mcommit transaction[0m
  [1m[35m (0.1ms)[0m  begin transaction
  [1m[36m (0.7ms)[0m  [1mUPDATE "users" SET "last_sign_in_at" = '2013-01-05 21:33:18.048845', "current_sign_in_at" = '2013-01-05 21:33:18.048845', "last_sign_in_ip" = '127.0.0.1', "current_sign_in_ip" = '127.0.0.1', "sign_in_count" = 1, "updated_at" = '2013-01-05 21:33:18.049662' WHERE "users"."id" = 2[0m
  [1m[35m (162.9ms)[0m  commit transaction
Redirected to http://0.0.0.0:3000/users/1
Completed 302 Found in 692ms (ActiveRecord: 0.0ms)


Started GET "/users/1" for 127.0.0.1 at 2013-01-05 18:33:18 -0300
Processing by UsersController#show as HTML
  Parameters: {"id"=>"1"}
  [1m[36mUser Load (0.2ms)[0m  [1mSELECT "users".* FROM "users" WHERE "users"."id" = 2 LIMIT 1[0m
  [1m[35mUser Load (0.1ms)[0m  SELECT "users".* FROM "users" WHERE "users"."id" = ? LIMIT 1  [["id", "1"]]
  Rendered users/show.html.erb within layouts/application (0.1ms)
  [1m[36m (0.2ms)[0m  [1mSELECT COUNT(*) FROM "roles" INNER JOIN "users_roles" ON "roles"."id" = "users_roles"."role_id" WHERE "users_roles"."user_id" = 2 AND (((roles.name = 'admin') AND (roles.resource_type IS NULL) AND (roles.resource_id IS NULL)))[0m
  Rendered layouts/_navigation.html.erb (3.1ms)
  Rendered layouts/_messages.html.erb (0.1ms)
Completed 200 OK in 52ms (Views: 49.8ms | ActiveRecord: 0.5ms)


Started GET "/" for 127.0.0.1 at 2013-01-05 18:33:20 -0300
  [1m[35mUser Load (0.5ms)[0m  SELECT "users".* FROM "users" WHERE "users"."id" = 2 LIMIT 1
Processing by HomeController#index as HTML
  [1m[36mUser Load (0.2ms)[0m  [1mSELECT "users".* FROM "users" [0m
  Rendered home/index.html.erb within layouts/application (0.8ms)
  [1m[35m (0.2ms)[0m  SELECT COUNT(*) FROM "roles" INNER JOIN "users_roles" ON "roles"."id" = "users_roles"."role_id" WHERE "users_roles"."user_id" = 2 AND (((roles.name = 'admin') AND (roles.resource_type IS NULL) AND (roles.resource_id IS NULL)))
  Rendered layouts/_navigation.html.erb (3.0ms)
  Rendered layouts/_messages.html.erb (0.1ms)
Completed 200 OK in 50ms (Views: 48.5ms | ActiveRecord: 0.4ms)


Started GET "/users/edit" for 127.0.0.1 at 2013-01-05 18:33:24 -0300
Processing by Devise::RegistrationsController#edit as HTML
  [1m[36mUser Load (0.3ms)[0m  [1mSELECT "users".* FROM "users" WHERE "users"."id" = 2 LIMIT 1[0m
  Rendered devise/registrations/edit.html.erb within layouts/application (9.2ms)
  [1m[35m (0.2ms)[0m  SELECT COUNT(*) FROM "roles" INNER JOIN "users_roles" ON "roles"."id" = "users_roles"."role_id" WHERE "users_roles"."user_id" = 2 AND (((roles.name = 'admin') AND (roles.resource_type IS NULL) AND (roles.resource_id IS NULL)))
  Rendered layouts/_navigation.html.erb (2.9ms)
  Rendered layouts/_messages.html.erb (0.1ms)
Completed 200 OK in 34ms (Views: 31.7ms | ActiveRecord: 0.5ms)


Started DELETE "/users/sign_out" for 127.0.0.1 at 2013-01-05 18:33:26 -0300
Processing by Devise::SessionsController#destroy as HTML
  Parameters: {"authenticity_token"=>"mGjkT2C6sYUCiFHoEpDBbiOAU1TPUpaGfytStkCQQ9w="}
  [1m[36mUser Load (0.2ms)[0m  [1mSELECT "users".* FROM "users" WHERE "users"."id" = 2 LIMIT 1[0m
  [1m[35m (0.1ms)[0m  begin transaction
  [1m[36m (0.1ms)[0m  [1mcommit transaction[0m
Redirected to http://0.0.0.0:3000/
Completed 302 Found in 5ms (ActiveRecord: 0.4ms)


Started GET "/" for 127.0.0.1 at 2013-01-05 18:33:26 -0300
Processing by HomeController#index as HTML
  [1m[35mUser Load (0.2ms)[0m  SELECT "users".* FROM "users" 
  Rendered home/index.html.erb within layouts/application (1.3ms)
  Rendered layouts/_navigation.html.erb (0.8ms)
  Rendered layouts/_messages.html.erb (0.1ms)
Completed 200 OK in 26ms (Views: 24.7ms | ActiveRecord: 0.2ms)


Started GET "/users/sign_up" for 127.0.0.1 at 2013-01-05 18:33:28 -0300
Processing by Devise::RegistrationsController#new as HTML
  Rendered devise/shared/_links.html.erb (0.4ms)
  Rendered devise/registrations/new.html.erb within layouts/application (9.7ms)
  Rendered layouts/_navigation.html.erb (0.9ms)
  Rendered layouts/_messages.html.erb (0.1ms)
Completed 200 OK in 31ms (Views: 30.4ms | ActiveRecord: 0.0ms)


Started POST "/users" for 127.0.0.1 at 2013-01-05 18:33:39 -0300
Processing by Devise::RegistrationsController#create as HTML
  Parameters: {"utf8"=>"✓", "authenticity_token"=>"JXjh4hukvTrRUlizwaOeAc9lR4RhO4iLXERf+ekoibg=", "user"=>{"name"=>"user", "email"=>"user@example.com", "password"=>"[FILTERED]", "password_confirmation"=>"[FILTERED]"}, "commit"=>"Sign up"}
  [1m[36m (0.1ms)[0m  [1mbegin transaction[0m
  [1m[35mUser Exists (0.1ms)[0m  SELECT 1 AS one FROM "users" WHERE "users"."email" = 'user@example.com' LIMIT 1
  [1m[36m (0.0ms)[0m  [1mrollback transaction[0m
  Rendered devise/shared/_links.html.erb (0.4ms)
  Rendered devise/registrations/new.html.erb within layouts/application (9.7ms)
  Rendered layouts/_navigation.html.erb (0.9ms)
  Rendered layouts/_messages.html.erb (0.0ms)
Completed 200 OK in 154ms (Views: 30.0ms | ActiveRecord: 0.0ms)


Started GET "/users/sign_in" for 127.0.0.1 at 2013-01-05 18:33:43 -0300
Processing by Devise::SessionsController#new as HTML
  Rendered devise/shared/_links.html.erb (0.5ms)
  Rendered devise/sessions/new.html.erb within layouts/application (9.8ms)
  Rendered layouts/_navigation.html.erb (1.2ms)
  Rendered layouts/_messages.html.erb (0.1ms)
Completed 200 OK in 33ms (Views: 32.4ms | ActiveRecord: 0.0ms)


Started POST "/users/sign_in" for 127.0.0.1 at 2013-01-05 18:33:48 -0300
Processing by Devise::SessionsController#create as HTML
  Parameters: {"utf8"=>"✓", "authenticity_token"=>"JXjh4hukvTrRUlizwaOeAc9lR4RhO4iLXERf+ekoibg=", "user"=>{"email"=>"user@example.com", "password"=>"[FILTERED]", "remember_me"=>"0"}, "commit"=>"Sign in"}
  [1m[35mUser Load (0.3ms)[0m  SELECT "users".* FROM "users" WHERE "users"."email" = 'user@example.com' LIMIT 1
  [1m[36m (0.1ms)[0m  [1mbegin transaction[0m
  [1m[35m (0.5ms)[0m  UPDATE "users" SET "current_sign_in_at" = '2013-01-05 21:33:48.472062', "sign_in_count" = 2, "updated_at" = '2013-01-05 21:33:48.472991' WHERE "users"."id" = 1
  [1m[36m (173.2ms)[0m  [1mcommit transaction[0m
Redirected to http://0.0.0.0:3000/
Completed 302 Found in 320ms (ActiveRecord: 0.0ms)


Started GET "/" for 127.0.0.1 at 2013-01-05 18:33:48 -0300
  [1m[35mUser Load (0.6ms)[0m  SELECT "users".* FROM "users" WHERE "users"."id" = 1 LIMIT 1
Processing by HomeController#index as HTML
  [1m[36mUser Load (0.2ms)[0m  [1mSELECT "users".* FROM "users" [0m
  Rendered home/index.html.erb within layouts/application (0.7ms)
  [1m[35m (0.2ms)[0m  SELECT COUNT(*) FROM "roles" INNER JOIN "users_roles" ON "roles"."id" = "users_roles"."role_id" WHERE "users_roles"."user_id" = 1 AND (((roles.name = 'admin') AND (roles.resource_type IS NULL) AND (roles.resource_id IS NULL)))
  Rendered layouts/_navigation.html.erb (3.1ms)
  Rendered layouts/_messages.html.erb (0.1ms)
Completed 200 OK in 24ms (Views: 22.8ms | ActiveRecord: 0.4ms)


Started GET "/" for 127.0.0.1 at 2013-01-05 18:35:56 -0300
  [1m[36mUser Load (0.2ms)[0m  [1mSELECT "users".* FROM "users" WHERE "users"."id" = 1 LIMIT 1[0m
Processing by HomeController#index as HTML
  Rendered home/index.html.erb within layouts/application (1.4ms)
Completed 500 Internal Server Error in 5ms

NoMethodError - undefined method `each' for nil:NilClass:
  app/views/home/index.html.erb:2:in `_app_views_home_index_html_erb___478421975_81507490'
  (gem) actionpack-3.2.9/lib/action_view/template.rb:145:in `block in render'
  (gem) activesupport-3.2.9/lib/active_support/notifications.rb:125:in `instrument'
  (gem) actionpack-3.2.9/lib/action_view/template.rb:143:in `render'
  (gem) actionpack-3.2.9/lib/action_view/renderer/template_renderer.rb:47:in `block (2 levels) in render_template'
  (gem) actionpack-3.2.9/lib/action_view/renderer/abstract_renderer.rb:38:in `block in instrument'
  (gem) activesupport-3.2.9/lib/active_support/notifications.rb:123:in `block in instrument'
  (gem) activesupport-3.2.9/lib/active_support/notifications/instrumenter.rb:20:in `instrument'
  (gem) activesupport-3.2.9/lib/active_support/notifications.rb:123:in `instrument'
  (gem) actionpack-3.2.9/lib/action_view/renderer/abstract_renderer.rb:38:in `instrument'
  (gem) actionpack-3.2.9/lib/action_view/renderer/template_renderer.rb:46:in `block in render_template'
  (gem) actionpack-3.2.9/lib/action_view/renderer/template_renderer.rb:54:in `render_with_layout'
  (gem) actionpack-3.2.9/lib/action_view/renderer/template_renderer.rb:45:in `render_template'
  (gem) actionpack-3.2.9/lib/action_view/renderer/template_renderer.rb:18:in `render'
  (gem) actionpack-3.2.9/lib/action_view/renderer/renderer.rb:36:in `render_template'
  (gem) actionpack-3.2.9/lib/action_view/renderer/renderer.rb:17:in `render'
  (gem) actionpack-3.2.9/lib/abstract_controller/rendering.rb:110:in `_render_template'
  (gem) actionpack-3.2.9/lib/action_controller/metal/streaming.rb:225:in `_render_template'
  (gem) actionpack-3.2.9/lib/abstract_controller/rendering.rb:103:in `render_to_body'
  (gem) actionpack-3.2.9/lib/action_controller/metal/renderers.rb:28:in `render_to_body'
  (gem) actionpack-3.2.9/lib/action_controller/metal/compatibility.rb:50:in `render_to_body'
  (gem) actionpack-3.2.9/lib/abstract_controller/rendering.rb:88:in `render'
  (gem) actionpack-3.2.9/lib/action_controller/metal/rendering.rb:16:in `render'
  (gem) actionpack-3.2.9/lib/action_controller/metal/instrumentation.rb:40:in `block (2 levels) in render'
  (gem) activesupport-3.2.9/lib/active_support/core_ext/benchmark.rb:5:in `block in ms'
  /home/luiz-varela/.rvm/rubies/ruby-1.9.3-p194/lib/ruby/1.9.1/benchmark.rb:295:in `realtime'
  (gem) activesupport-3.2.9/lib/active_support/core_ext/benchmark.rb:5:in `ms'
  (gem) actionpack-3.2.9/lib/action_controller/metal/instrumentation.rb:40:in `block in render'
  (gem) actionpack-3.2.9/lib/action_controller/metal/instrumentation.rb:83:in `cleanup_view_runtime'
  (gem) activerecord-3.2.9/lib/active_record/railties/controller_runtime.rb:24:in `cleanup_view_runtime'
  (gem) actionpack-3.2.9/lib/action_controller/metal/instrumentation.rb:39:in `render'
  (gem) actionpack-3.2.9/lib/action_controller/metal/implicit_render.rb:10:in `default_render'
  (gem) actionpack-3.2.9/lib/action_controller/metal/implicit_render.rb:5:in `send_action'
  (gem) actionpack-3.2.9/lib/abstract_controller/base.rb:167:in `process_action'
  (gem) actionpack-3.2.9/lib/action_controller/metal/rendering.rb:10:in `process_action'
  (gem) actionpack-3.2.9/lib/abstract_controller/callbacks.rb:18:in `block in process_action'
  (gem) activesupport-3.2.9/lib/active_support/callbacks.rb:414:in `_run__674459178__process_action__869095590__callbacks'
  (gem) activesupport-3.2.9/lib/active_support/callbacks.rb:405:in `__run_callback'
  (gem) activesupport-3.2.9/lib/active_support/callbacks.rb:385:in `_run_process_action_callbacks'
  (gem) activesupport-3.2.9/lib/active_support/callbacks.rb:81:in `run_callbacks'
  (gem) actionpack-3.2.9/lib/abstract_controller/callbacks.rb:17:in `process_action'
  (gem) actionpack-3.2.9/lib/action_controller/metal/rescue.rb:29:in `process_action'
  (gem) actionpack-3.2.9/lib/action_controller/metal/instrumentation.rb:30:in `block in process_action'
  (gem) activesupport-3.2.9/lib/active_support/notifications.rb:123:in `block in instrument'
  (gem) activesupport-3.2.9/lib/active_support/notifications/instrumenter.rb:20:in `instrument'
  (gem) activesupport-3.2.9/lib/active_support/notifications.rb:123:in `instrument'
  (gem) actionpack-3.2.9/lib/action_controller/metal/instrumentation.rb:29:in `process_action'
  (gem) actionpack-3.2.9/lib/action_controller/metal/params_wrapper.rb:207:in `process_action'
  (gem) activerecord-3.2.9/lib/active_record/railties/controller_runtime.rb:18:in `process_action'
  (gem) actionpack-3.2.9/lib/abstract_controller/base.rb:121:in `process'
  (gem) actionpack-3.2.9/lib/abstract_controller/rendering.rb:45:in `process'
  (gem) actionpack-3.2.9/lib/action_controller/metal.rb:203:in `dispatch'
  (gem) actionpack-3.2.9/lib/action_controller/metal/rack_delegation.rb:14:in `dispatch'
  (gem) actionpack-3.2.9/lib/action_controller/metal.rb:246:in `block in action'
  (gem) actionpack-3.2.9/lib/action_dispatch/routing/route_set.rb:73:in `call'
  (gem) actionpack-3.2.9/lib/action_dispatch/routing/route_set.rb:73:in `dispatch'
  (gem) actionpack-3.2.9/lib/action_dispatch/routing/route_set.rb:36:in `call'
  (gem) actionpack-3.2.9/lib/action_dispatch/routing/mapper.rb:42:in `call'
  (gem) journey-1.0.4/lib/journey/router.rb:68:in `block in call'
  (gem) journey-1.0.4/lib/journey/router.rb:56:in `each'
  (gem) journey-1.0.4/lib/journey/router.rb:56:in `call'
  (gem) actionpack-3.2.9/lib/action_dispatch/routing/route_set.rb:601:in `call'
  (gem) better_errors-0.3.0/lib/better_errors/middleware.rb:51:in `app_call'
  (gem) better_errors-0.3.0/lib/better_errors/middleware.rb:45:in `call'
  (gem) warden-1.2.1/lib/warden/manager.rb:35:in `block in call'
  (gem) warden-1.2.1/lib/warden/manager.rb:34:in `catch'
  (gem) warden-1.2.1/lib/warden/manager.rb:34:in `call'
  (gem) actionpack-3.2.9/lib/action_dispatch/middleware/best_standards_support.rb:17:in `call'
  (gem) rack-1.4.1/lib/rack/etag.rb:23:in `call'
  (gem) rack-1.4.1/lib/rack/conditionalget.rb:25:in `call'
  (gem) actionpack-3.2.9/lib/action_dispatch/middleware/head.rb:14:in `call'
  (gem) actionpack-3.2.9/lib/action_dispatch/middleware/params_parser.rb:21:in `call'
  (gem) actionpack-3.2.9/lib/action_dispatch/middleware/flash.rb:242:in `call'
  (gem) rack-1.4.1/lib/rack/session/abstract/id.rb:205:in `context'
  (gem) rack-1.4.1/lib/rack/session/abstract/id.rb:200:in `call'
  (gem) actionpack-3.2.9/lib/action_dispatch/middleware/cookies.rb:341:in `call'
  (gem) activerecord-3.2.9/lib/active_record/query_cache.rb:64:in `call'
  (gem) activerecord-3.2.9/lib/active_record/connection_adapters/abstract/connection_pool.rb:479:in `call'
  (gem) actionpack-3.2.9/lib/action_dispatch/middleware/callbacks.rb:28:in `block in call'
  (gem) activesupport-3.2.9/lib/active_support/callbacks.rb:405:in `_run__840516014__call__959100656__callbacks'
  (gem) activesupport-3.2.9/lib/active_support/callbacks.rb:405:in `__run_callback'
  (gem) activesupport-3.2.9/lib/active_support/callbacks.rb:385:in `_run_call_callbacks'
  (gem) activesupport-3.2.9/lib/active_support/callbacks.rb:81:in `run_callbacks'
  (gem) actionpack-3.2.9/lib/action_dispatch/middleware/callbacks.rb:27:in `call'
  (gem) actionpack-3.2.9/lib/action_dispatch/middleware/reloader.rb:65:in `call'
  (gem) actionpack-3.2.9/lib/action_dispatch/middleware/remote_ip.rb:31:in `call'
  (gem) actionpack-3.2.9/lib/action_dispatch/middleware/debug_exceptions.rb:16:in `call'
  (gem) actionpack-3.2.9/lib/action_dispatch/middleware/show_exceptions.rb:56:in `call'
  (gem) railties-3.2.9/lib/rails/rack/logger.rb:32:in `call_app'
  (gem) railties-3.2.9/lib/rails/rack/logger.rb:16:in `block in call'
  (gem) activesupport-3.2.9/lib/active_support/tagged_logging.rb:22:in `tagged'
  (gem) railties-3.2.9/lib/rails/rack/logger.rb:16:in `call'
  (gem) quiet_assets-1.0.1/lib/quiet_assets.rb:20:in `call_with_quiet_assets'
  (gem) better_errors-0.3.0/lib/better_errors/disable_logging_middleware.rb:11:in `call'
  (gem) actionpack-3.2.9/lib/action_dispatch/middleware/request_id.rb:22:in `call'
  (gem) rack-1.4.1/lib/rack/methodoverride.rb:21:in `call'
  (gem) rack-1.4.1/lib/rack/runtime.rb:17:in `call'
  (gem) activesupport-3.2.9/lib/active_support/cache/strategy/local_cache.rb:72:in `call'
  (gem) rack-1.4.1/lib/rack/lock.rb:15:in `call'
  (gem) actionpack-3.2.9/lib/action_dispatch/middleware/static.rb:62:in `call'
  (gem) railties-3.2.9/lib/rails/engine.rb:479:in `call'
  (gem) railties-3.2.9/lib/rails/application.rb:223:in `call'
  (gem) rack-1.4.1/lib/rack/content_length.rb:14:in `call'
  (gem) railties-3.2.9/lib/rails/rack/log_tailer.rb:17:in `call'
  (gem) rack-1.4.1/lib/rack/handler/webrick.rb:59:in `service'
  /home/luiz-varela/.rvm/rubies/ruby-1.9.3-p194/lib/ruby/1.9.1/webrick/httpserver.rb:138:in `service'
  /home/luiz-varela/.rvm/rubies/ruby-1.9.3-p194/lib/ruby/1.9.1/webrick/httpserver.rb:94:in `run'
  /home/luiz-varela/.rvm/rubies/ruby-1.9.3-p194/lib/ruby/1.9.1/webrick/server.rb:191:in `block in start_thread'



Started GET "/" for 127.0.0.1 at 2013-01-05 18:36:18 -0300
  [1m[35mUser Load (0.3ms)[0m  SELECT "users".* FROM "users" WHERE "users"."id" = 1 LIMIT 1
Processing by HomeController#index as HTML
  Rendered home/index.html.erb within layouts/application (0.5ms)
  [1m[36m (0.1ms)[0m  [1mSELECT COUNT(*) FROM "roles" INNER JOIN "users_roles" ON "roles"."id" = "users_roles"."role_id" WHERE "users_roles"."user_id" = 1 AND (((roles.name = 'admin') AND (roles.resource_type IS NULL) AND (roles.resource_id IS NULL)))[0m
  Rendered layouts/_navigation.html.erb (14.8ms)
  Rendered layouts/_messages.html.erb (0.1ms)
Completed 200 OK in 37ms (Views: 36.4ms | ActiveRecord: 0.7ms)


Started GET "/users/edit" for 127.0.0.1 at 2013-01-05 18:36:38 -0300
Processing by Devise::RegistrationsController#edit as HTML
  [1m[35mUser Load (0.2ms)[0m  SELECT "users".* FROM "users" WHERE "users"."id" = 1 LIMIT 1
  Rendered devise/registrations/edit.html.erb within layouts/application (10.7ms)
  [1m[36m (0.2ms)[0m  [1mSELECT COUNT(*) FROM "roles" INNER JOIN "users_roles" ON "roles"."id" = "users_roles"."role_id" WHERE "users_roles"."user_id" = 1 AND (((roles.name = 'admin') AND (roles.resource_type IS NULL) AND (roles.resource_id IS NULL)))[0m
  Rendered layouts/_navigation.html.erb (3.2ms)
  Rendered layouts/_messages.html.erb (0.1ms)
Completed 200 OK in 66ms (Views: 64.1ms | ActiveRecord: 0.4ms)


Started GET "/users" for 127.0.0.1 at 2013-01-05 18:36:46 -0300
Processing by UsersController#index as HTML
  [1m[35mUser Load (0.2ms)[0m  SELECT "users".* FROM "users" WHERE "users"."id" = 1 LIMIT 1
  [1m[36m (0.2ms)[0m  [1mSELECT COUNT(*) FROM "roles" INNER JOIN "users_roles" ON "roles"."id" = "users_roles"."role_id" WHERE "users_roles"."user_id" = 1 AND (((roles.name = 'admin') AND (roles.resource_type IS NULL) AND (roles.resource_id IS NULL)))[0m
  [1m[35mUser Load (0.2ms)[0m  SELECT "users".* FROM "users" 
  [1m[36mRole Load (0.2ms)[0m  [1mSELECT "roles".* FROM "roles" INNER JOIN "users_roles" ON "roles"."id" = "users_roles"."role_id" WHERE "users_roles"."user_id" = 1 LIMIT 1[0m
  [1m[35mCACHE (0.0ms)[0m  SELECT "roles".* FROM "roles" INNER JOIN "users_roles" ON "roles"."id" = "users_roles"."role_id" WHERE "users_roles"."user_id" = 1 LIMIT 1
  [1m[36mRole Load (0.2ms)[0m  [1mSELECT "roles".* FROM "roles" [0m
  [1m[35m (0.1ms)[0m  SELECT "roles".id FROM "roles" INNER JOIN "users_roles" ON "roles"."id" = "users_roles"."role_id" WHERE "users_roles"."user_id" = 1
  Rendered users/_user.html.erb (4.5ms)
  [1m[36mRole Load (0.2ms)[0m  [1mSELECT "roles".* FROM "roles" INNER JOIN "users_roles" ON "roles"."id" = "users_roles"."role_id" WHERE "users_roles"."user_id" = 2 LIMIT 1[0m
  [1m[35mCACHE (0.0ms)[0m  SELECT "roles".* FROM "roles" 
  [1m[36m (0.1ms)[0m  [1mSELECT "roles".id FROM "roles" INNER JOIN "users_roles" ON "roles"."id" = "users_roles"."role_id" WHERE "users_roles"."user_id" = 2[0m
  Rendered users/_user.html.erb (3.6ms)
  Rendered users/index.html.erb within layouts/application (21.1ms)
  [1m[35mCACHE (0.0ms)[0m  SELECT COUNT(*) FROM "roles" INNER JOIN "users_roles" ON "roles"."id" = "users_roles"."role_id" WHERE "users_roles"."user_id" = 1 AND (((roles.name = 'admin') AND (roles.resource_type IS NULL) AND (roles.resource_id IS NULL)))
  Rendered layouts/_navigation.html.erb (2.6ms)
  Rendered layouts/_messages.html.erb (0.1ms)
Completed 200 OK in 76ms (Views: 69.1ms | ActiveRecord: 1.4ms)


Started GET "/users" for 127.0.0.1 at 2013-01-05 18:37:57 -0300
Processing by UsersController#index as HTML
  [1m[36mUser Load (0.3ms)[0m  [1mSELECT "users".* FROM "users" WHERE "users"."id" = 1 LIMIT 1[0m
  [1m[35m (0.2ms)[0m  SELECT COUNT(*) FROM "roles" INNER JOIN "users_roles" ON "roles"."id" = "users_roles"."role_id" WHERE "users_roles"."user_id" = 1 AND (((roles.name = 'admin') AND (roles.resource_type IS NULL) AND (roles.resource_id IS NULL)))
  [1m[36mUser Load (0.2ms)[0m  [1mSELECT "users".* FROM "users" [0m
  [1m[35mRole Load (0.2ms)[0m  SELECT "roles".* FROM "roles" INNER JOIN "users_roles" ON "roles"."id" = "users_roles"."role_id" WHERE "users_roles"."user_id" = 1 LIMIT 1
  [1m[36mCACHE (0.0ms)[0m  [1mSELECT "roles".* FROM "roles" INNER JOIN "users_roles" ON "roles"."id" = "users_roles"."role_id" WHERE "users_roles"."user_id" = 1 LIMIT 1[0m
  [1m[35mRole Load (0.1ms)[0m  SELECT "roles".* FROM "roles" 
  [1m[36m (0.1ms)[0m  [1mSELECT "roles".id FROM "roles" INNER JOIN "users_roles" ON "roles"."id" = "users_roles"."role_id" WHERE "users_roles"."user_id" = 1[0m
  Rendered users/_user.html.erb (4.3ms)
  [1m[35mRole Load (0.2ms)[0m  SELECT "roles".* FROM "roles" INNER JOIN "users_roles" ON "roles"."id" = "users_roles"."role_id" WHERE "users_roles"."user_id" = 2 LIMIT 1
  [1m[36mCACHE (0.0ms)[0m  [1mSELECT "roles".* FROM "roles" [0m
  [1m[35m (0.2ms)[0m  SELECT "roles".id FROM "roles" INNER JOIN "users_roles" ON "roles"."id" = "users_roles"."role_id" WHERE "users_roles"."user_id" = 2
  Rendered users/_user.html.erb (3.9ms)
  Rendered users/index.html.erb within layouts/application (14.1ms)
  [1m[36mCACHE (0.0ms)[0m  [1mSELECT COUNT(*) FROM "roles" INNER JOIN "users_roles" ON "roles"."id" = "users_roles"."role_id" WHERE "users_roles"."user_id" = 1 AND (((roles.name = 'admin') AND (roles.resource_type IS NULL) AND (roles.resource_id IS NULL)))[0m
  Rendered layouts/_navigation.html.erb (2.6ms)
  Rendered layouts/_messages.html.erb (0.1ms)
Completed 200 OK in 41ms (Views: 35.6ms | ActiveRecord: 1.4ms)


Started GET "/users" for 127.0.0.1 at 2013-01-05 18:42:02 -0300
Processing by UsersController#index as HTML
  [1m[35mUser Load (0.3ms)[0m  SELECT "users".* FROM "users" WHERE "users"."id" = 1 LIMIT 1
  [1m[36m (0.3ms)[0m  [1mSELECT COUNT(*) FROM "roles" INNER JOIN "users_roles" ON "roles"."id" = "users_roles"."role_id" WHERE "users_roles"."user_id" = 1 AND (((roles.name = 'admin') AND (roles.resource_type IS NULL) AND (roles.resource_id IS NULL)))[0m
  [1m[35mUser Load (0.3ms)[0m  SELECT "users".* FROM "users" 
  [1m[36mRole Load (0.2ms)[0m  [1mSELECT "roles".* FROM "roles" INNER JOIN "users_roles" ON "roles"."id" = "users_roles"."role_id" WHERE "users_roles"."user_id" = 1 LIMIT 1[0m
  [1m[35mCACHE (0.0ms)[0m  SELECT "roles".* FROM "roles" INNER JOIN "users_roles" ON "roles"."id" = "users_roles"."role_id" WHERE "users_roles"."user_id" = 1 LIMIT 1
  [1m[36mRole Load (0.2ms)[0m  [1mSELECT "roles".* FROM "roles" [0m
  [1m[35m (0.2ms)[0m  SELECT "roles".id FROM "roles" INNER JOIN "users_roles" ON "roles"."id" = "users_roles"."role_id" WHERE "users_roles"."user_id" = 1
  Rendered users/_user.html.erb (6.1ms)
  [1m[36mRole Load (0.2ms)[0m  [1mSELECT "roles".* FROM "roles" INNER JOIN "users_roles" ON "roles"."id" = "users_roles"."role_id" WHERE "users_roles"."user_id" = 2 LIMIT 1[0m
  [1m[35mCACHE (0.0ms)[0m  SELECT "roles".* FROM "roles" 
  [1m[36m (0.2ms)[0m  [1mSELECT "roles".id FROM "roles" INNER JOIN "users_roles" ON "roles"."id" = "users_roles"."role_id" WHERE "users_roles"."user_id" = 2[0m
  Rendered users/_user.html.erb (5.3ms)
  Rendered users/index.html.erb within layouts/application (19.3ms)
  [1m[35mCACHE (0.0ms)[0m  SELECT COUNT(*) FROM "roles" INNER JOIN "users_roles" ON "roles"."id" = "users_roles"."role_id" WHERE "users_roles"."user_id" = 1 AND (((roles.name = 'admin') AND (roles.resource_type IS NULL) AND (roles.resource_id IS NULL)))
  Rendered layouts/_navigation.html.erb (3.0ms)
  Rendered layouts/_messages.html.erb (0.1ms)
Completed 200 OK in 56ms (Views: 48.4ms | ActiveRecord: 1.8ms)


Started GET "/users" for 127.0.0.1 at 2013-01-05 18:42:04 -0300
Processing by UsersController#index as HTML
  [1m[36mUser Load (0.3ms)[0m  [1mSELECT "users".* FROM "users" WHERE "users"."id" = 1 LIMIT 1[0m
  [1m[35m (0.2ms)[0m  SELECT COUNT(*) FROM "roles" INNER JOIN "users_roles" ON "roles"."id" = "users_roles"."role_id" WHERE "users_roles"."user_id" = 1 AND (((roles.name = 'admin') AND (roles.resource_type IS NULL) AND (roles.resource_id IS NULL)))
  [1m[36mUser Load (0.3ms)[0m  [1mSELECT "users".* FROM "users" [0m
  [1m[35mRole Load (0.2ms)[0m  SELECT "roles".* FROM "roles" INNER JOIN "users_roles" ON "roles"."id" = "users_roles"."role_id" WHERE "users_roles"."user_id" = 1 LIMIT 1
  [1m[36mCACHE (0.0ms)[0m  [1mSELECT "roles".* FROM "roles" INNER JOIN "users_roles" ON "roles"."id" = "users_roles"."role_id" WHERE "users_roles"."user_id" = 1 LIMIT 1[0m
  [1m[35mRole Load (0.1ms)[0m  SELECT "roles".* FROM "roles" 
  [1m[36m (0.2ms)[0m  [1mSELECT "roles".id FROM "roles" INNER JOIN "users_roles" ON "roles"."id" = "users_roles"."role_id" WHERE "users_roles"."user_id" = 1[0m
  Rendered users/_user.html.erb (7.3ms)
  [1m[35mRole Load (0.2ms)[0m  SELECT "roles".* FROM "roles" INNER JOIN "users_roles" ON "roles"."id" = "users_roles"."role_id" WHERE "users_roles"."user_id" = 2 LIMIT 1
  [1m[36mCACHE (0.0ms)[0m  [1mSELECT "roles".* FROM "roles" [0m
  [1m[35m (0.2ms)[0m  SELECT "roles".id FROM "roles" INNER JOIN "users_roles" ON "roles"."id" = "users_roles"."role_id" WHERE "users_roles"."user_id" = 2
  Rendered users/_user.html.erb (5.3ms)
  Rendered users/index.html.erb within layouts/application (19.6ms)
  [1m[36mCACHE (0.0ms)[0m  [1mSELECT COUNT(*) FROM "roles" INNER JOIN "users_roles" ON "roles"."id" = "users_roles"."role_id" WHERE "users_roles"."user_id" = 1 AND (((roles.name = 'admin') AND (roles.resource_type IS NULL) AND (roles.resource_id IS NULL)))[0m
  Rendered layouts/_navigation.html.erb (3.6ms)
  Rendered layouts/_messages.html.erb (0.1ms)
Completed 200 OK in 60ms (Views: 52.5ms | ActiveRecord: 1.8ms)


Started GET "/users" for 127.0.0.1 at 2013-01-05 18:42:05 -0300
Processing by UsersController#index as HTML
  [1m[35mUser Load (0.3ms)[0m  SELECT "users".* FROM "users" WHERE "users"."id" = 1 LIMIT 1
  [1m[36m (0.2ms)[0m  [1mSELECT COUNT(*) FROM "roles" INNER JOIN "users_roles" ON "roles"."id" = "users_roles"."role_id" WHERE "users_roles"."user_id" = 1 AND (((roles.name = 'admin') AND (roles.resource_type IS NULL) AND (roles.resource_id IS NULL)))[0m
  [1m[35mUser Load (0.2ms)[0m  SELECT "users".* FROM "users" 
  [1m[36mRole Load (0.2ms)[0m  [1mSELECT "roles".* FROM "roles" INNER JOIN "users_roles" ON "roles"."id" = "users_roles"."role_id" WHERE "users_roles"."user_id" = 1 LIMIT 1[0m
  [1m[35mCACHE (0.0ms)[0m  SELECT "roles".* FROM "roles" INNER JOIN "users_roles" ON "roles"."id" = "users_roles"."role_id" WHERE "users_roles"."user_id" = 1 LIMIT 1
  [1m[36mRole Load (0.1ms)[0m  [1mSELECT "roles".* FROM "roles" [0m
  [1m[35m (0.1ms)[0m  SELECT "roles".id FROM "roles" INNER JOIN "users_roles" ON "roles"."id" = "users_roles"."role_id" WHERE "users_roles"."user_id" = 1
  Rendered users/_user.html.erb (4.2ms)
  [1m[36mRole Load (0.2ms)[0m  [1mSELECT "roles".* FROM "roles" INNER JOIN "users_roles" ON "roles"."id" = "users_roles"."role_id" WHERE "users_roles"."user_id" = 2 LIMIT 1[0m
  [1m[35mCACHE (0.0ms)[0m  SELECT "roles".* FROM "roles" 
  [1m[36m (0.2ms)[0m  [1mSELECT "roles".id FROM "roles" INNER JOIN "users_roles" ON "roles"."id" = "users_roles"."role_id" WHERE "users_roles"."user_id" = 2[0m
  Rendered users/_user.html.erb (3.7ms)
  Rendered users/index.html.erb within layouts/application (14.2ms)
  [1m[35mCACHE (0.0ms)[0m  SELECT COUNT(*) FROM "roles" INNER JOIN "users_roles" ON "roles"."id" = "users_roles"."role_id" WHERE "users_roles"."user_id" = 1 AND (((roles.name = 'admin') AND (roles.resource_type IS NULL) AND (roles.resource_id IS NULL)))
  Rendered layouts/_navigation.html.erb (2.7ms)
  Rendered layouts/_messages.html.erb (0.1ms)
Completed 200 OK in 68ms (Views: 62.0ms | ActiveRecord: 1.5ms)


Started GET "/users" for 127.0.0.1 at 2013-01-05 18:42:06 -0300
Processing by UsersController#index as HTML
  [1m[36mUser Load (0.3ms)[0m  [1mSELECT "users".* FROM "users" WHERE "users"."id" = 1 LIMIT 1[0m
  [1m[35m (0.3ms)[0m  SELECT COUNT(*) FROM "roles" INNER JOIN "users_roles" ON "roles"."id" = "users_roles"."role_id" WHERE "users_roles"."user_id" = 1 AND (((roles.name = 'admin') AND (roles.resource_type IS NULL) AND (roles.resource_id IS NULL)))
  [1m[36mUser Load (0.3ms)[0m  [1mSELECT "users".* FROM "users" [0m
  [1m[35mRole Load (0.2ms)[0m  SELECT "roles".* FROM "roles" INNER JOIN "users_roles" ON "roles"."id" = "users_roles"."role_id" WHERE "users_roles"."user_id" = 1 LIMIT 1
  [1m[36mCACHE (0.0ms)[0m  [1mSELECT "roles".* FROM "roles" INNER JOIN "users_roles" ON "roles"."id" = "users_roles"."role_id" WHERE "users_roles"."user_id" = 1 LIMIT 1[0m
  [1m[35mRole Load (0.2ms)[0m  SELECT "roles".* FROM "roles" 
  [1m[36m (0.2ms)[0m  [1mSELECT "roles".id FROM "roles" INNER JOIN "users_roles" ON "roles"."id" = "users_roles"."role_id" WHERE "users_roles"."user_id" = 1[0m
  Rendered users/_user.html.erb (5.9ms)
  [1m[35mRole Load (0.2ms)[0m  SELECT "roles".* FROM "roles" INNER JOIN "users_roles" ON "roles"."id" = "users_roles"."role_id" WHERE "users_roles"."user_id" = 2 LIMIT 1
  [1m[36mCACHE (0.0ms)[0m  [1mSELECT "roles".* FROM "roles" [0m
  [1m[35m (0.2ms)[0m  SELECT "roles".id FROM "roles" INNER JOIN "users_roles" ON "roles"."id" = "users_roles"."role_id" WHERE "users_roles"."user_id" = 2
  Rendered users/_user.html.erb (5.2ms)
  Rendered users/index.html.erb within layouts/application (18.8ms)
  [1m[36mCACHE (0.0ms)[0m  [1mSELECT COUNT(*) FROM "roles" INNER JOIN "users_roles" ON "roles"."id" = "users_roles"."role_id" WHERE "users_roles"."user_id" = 1 AND (((roles.name = 'admin') AND (roles.resource_type IS NULL) AND (roles.resource_id IS NULL)))[0m
  Rendered layouts/_navigation.html.erb (3.8ms)
  Rendered layouts/_messages.html.erb (0.1ms)
Completed 200 OK in 96ms (Views: 88.0ms | ActiveRecord: 1.8ms)


Started GET "/" for 127.0.0.1 at 2013-01-05 18:42:08 -0300
  [1m[35mUser Load (0.3ms)[0m  SELECT "users".* FROM "users" WHERE "users"."id" = 1 LIMIT 1
Processing by HomeController#index as HTML
  Rendered home/index.html.erb within layouts/application (0.0ms)
  [1m[36m (0.2ms)[0m  [1mSELECT COUNT(*) FROM "roles" INNER JOIN "users_roles" ON "roles"."id" = "users_roles"."role_id" WHERE "users_roles"."user_id" = 1 AND (((roles.name = 'admin') AND (roles.resource_type IS NULL) AND (roles.resource_id IS NULL)))[0m
  Rendered layouts/_navigation.html.erb (3.2ms)
  Rendered layouts/_messages.html.erb (0.1ms)
Completed 200 OK in 27ms (Views: 27.1ms | ActiveRecord: 0.2ms)


Started GET "/" for 127.0.0.1 at 2013-01-05 18:42:36 -0300
  [1m[35mUser Load (0.3ms)[0m  SELECT "users".* FROM "users" WHERE "users"."id" = 1 LIMIT 1
Processing by HomeController#index as HTML
  Rendered home/index.html.erb within layouts/application (0.1ms)
  [1m[36m (0.3ms)[0m  [1mSELECT COUNT(*) FROM "roles" INNER JOIN "users_roles" ON "roles"."id" = "users_roles"."role_id" WHERE "users_roles"."user_id" = 1 AND (((roles.name = 'admin') AND (roles.resource_type IS NULL) AND (roles.resource_id IS NULL)))[0m
  Rendered layouts/_navigation.html.erb (4.5ms)
  Rendered layouts/_messages.html.erb (0.1ms)
Completed 200 OK in 36ms (Views: 35.7ms | ActiveRecord: 0.3ms)


Started GET "/" for 127.0.0.1 at 2013-01-05 18:42:38 -0300
  [1m[35mUser Load (0.4ms)[0m  SELECT "users".* FROM "users" WHERE "users"."id" = 1 LIMIT 1
Processing by HomeController#index as HTML
  Rendered home/index.html.erb within layouts/application (0.1ms)
  [1m[36m (0.2ms)[0m  [1mSELECT COUNT(*) FROM "roles" INNER JOIN "users_roles" ON "roles"."id" = "users_roles"."role_id" WHERE "users_roles"."user_id" = 1 AND (((roles.name = 'admin') AND (roles.resource_type IS NULL) AND (roles.resource_id IS NULL)))[0m
  Rendered layouts/_navigation.html.erb (3.9ms)
  Rendered layouts/_messages.html.erb (0.1ms)
Completed 200 OK in 30ms (Views: 29.8ms | ActiveRecord: 0.2ms)


Started GET "/" for 127.0.0.1 at 2013-01-05 18:42:39 -0300
  [1m[35mUser Load (0.4ms)[0m  SELECT "users".* FROM "users" WHERE "users"."id" = 1 LIMIT 1
Processing by HomeController#index as HTML
  Rendered home/index.html.erb within layouts/application (0.0ms)
  [1m[36m (0.2ms)[0m  [1mSELECT COUNT(*) FROM "roles" INNER JOIN "users_roles" ON "roles"."id" = "users_roles"."role_id" WHERE "users_roles"."user_id" = 1 AND (((roles.name = 'admin') AND (roles.resource_type IS NULL) AND (roles.resource_id IS NULL)))[0m
  Rendered layouts/_navigation.html.erb (4.3ms)
  Rendered layouts/_messages.html.erb (0.1ms)
Completed 200 OK in 35ms (Views: 34.2ms | ActiveRecord: 0.2ms)


Started GET "/" for 127.0.0.1 at 2013-01-05 18:43:08 -0300
  [1m[35mUser Load (0.3ms)[0m  SELECT "users".* FROM "users" WHERE "users"."id" = 1 LIMIT 1
Processing by HomeController#index as HTML
  Rendered home/index.html.erb within layouts/application (0.0ms)
  [1m[36m (0.2ms)[0m  [1mSELECT COUNT(*) FROM "roles" INNER JOIN "users_roles" ON "roles"."id" = "users_roles"."role_id" WHERE "users_roles"."user_id" = 1 AND (((roles.name = 'admin') AND (roles.resource_type IS NULL) AND (roles.resource_id IS NULL)))[0m
  Rendered layouts/_navigation.html.erb (3.3ms)
  Rendered layouts/_messages.html.erb (0.1ms)
Completed 200 OK in 23ms (Views: 23.0ms | ActiveRecord: 0.2ms)


Started GET "/users/edit" for 127.0.0.1 at 2013-01-05 18:43:09 -0300
Processing by Devise::RegistrationsController#edit as HTML
  [1m[35mUser Load (0.2ms)[0m  SELECT "users".* FROM "users" WHERE "users"."id" = 1 LIMIT 1
  Rendered devise/registrations/edit.html.erb within layouts/application (9.0ms)
  [1m[36m (0.2ms)[0m  [1mSELECT COUNT(*) FROM "roles" INNER JOIN "users_roles" ON "roles"."id" = "users_roles"."role_id" WHERE "users_roles"."user_id" = 1 AND (((roles.name = 'admin') AND (roles.resource_type IS NULL) AND (roles.resource_id IS NULL)))[0m
  Rendered layouts/_navigation.html.erb (3.1ms)
  Rendered layouts/_messages.html.erb (0.1ms)
Completed 200 OK in 34ms (Views: 32.6ms | ActiveRecord: 0.4ms)


Started GET "/users" for 127.0.0.1 at 2013-01-05 18:43:11 -0300
Processing by UsersController#index as HTML
  [1m[35mUser Load (0.3ms)[0m  SELECT "users".* FROM "users" WHERE "users"."id" = 1 LIMIT 1
  [1m[36m (0.3ms)[0m  [1mSELECT COUNT(*) FROM "roles" INNER JOIN "users_roles" ON "roles"."id" = "users_roles"."role_id" WHERE "users_roles"."user_id" = 1 AND (((roles.name = 'admin') AND (roles.resource_type IS NULL) AND (roles.resource_id IS NULL)))[0m
  [1m[35mUser Load (0.3ms)[0m  SELECT "users".* FROM "users" 
  [1m[36mRole Load (0.2ms)[0m  [1mSELECT "roles".* FROM "roles" INNER JOIN "users_roles" ON "roles"."id" = "users_roles"."role_id" WHERE "users_roles"."user_id" = 1 LIMIT 1[0m
  [1m[35mCACHE (0.0ms)[0m  SELECT "roles".* FROM "roles" INNER JOIN "users_roles" ON "roles"."id" = "users_roles"."role_id" WHERE "users_roles"."user_id" = 1 LIMIT 1
  [1m[36mRole Load (0.2ms)[0m  [1mSELECT "roles".* FROM "roles" [0m
  [1m[35m (0.2ms)[0m  SELECT "roles".id FROM "roles" INNER JOIN "users_roles" ON "roles"."id" = "users_roles"."role_id" WHERE "users_roles"."user_id" = 1
  Rendered users/_user.html.erb (5.1ms)
  [1m[36mRole Load (0.2ms)[0m  [1mSELECT "roles".* FROM "roles" INNER JOIN "users_roles" ON "roles"."id" = "users_roles"."role_id" WHERE "users_roles"."user_id" = 2 LIMIT 1[0m
  [1m[35mCACHE (0.0ms)[0m  SELECT "roles".* FROM "roles" 
  [1m[36m (0.2ms)[0m  [1mSELECT "roles".id FROM "roles" INNER JOIN "users_roles" ON "roles"."id" = "users_roles"."role_id" WHERE "users_roles"."user_id" = 2[0m
  Rendered users/_user.html.erb (4.3ms)
  Rendered users/index.html.erb within layouts/application (16.7ms)
  [1m[35mCACHE (0.0ms)[0m  SELECT COUNT(*) FROM "roles" INNER JOIN "users_roles" ON "roles"."id" = "users_roles"."role_id" WHERE "users_roles"."user_id" = 1 AND (((roles.name = 'admin') AND (roles.resource_type IS NULL) AND (roles.resource_id IS NULL)))
  Rendered layouts/_navigation.html.erb (2.7ms)
  Rendered layouts/_messages.html.erb (0.1ms)
Completed 200 OK in 47ms (Views: 40.5ms | ActiveRecord: 1.7ms)


Started DELETE "/users/sign_out" for 127.0.0.1 at 2013-01-05 18:43:13 -0300
Processing by Devise::SessionsController#destroy as HTML
  Parameters: {"authenticity_token"=>"JXjh4hukvTrRUlizwaOeAc9lR4RhO4iLXERf+ekoibg="}
  [1m[36mUser Load (0.3ms)[0m  [1mSELECT "users".* FROM "users" WHERE "users"."id" = 1 LIMIT 1[0m
  [1m[35m (0.1ms)[0m  begin transaction
  [1m[36m (0.0ms)[0m  [1mcommit transaction[0m
Redirected to http://0.0.0.0:3000/
Completed 302 Found in 6ms (ActiveRecord: 0.4ms)


Started GET "/" for 127.0.0.1 at 2013-01-05 18:43:13 -0300
Processing by HomeController#index as HTML
  Rendered home/index.html.erb within layouts/application (0.0ms)
  Rendered layouts/_navigation.html.erb (0.9ms)
  Rendered layouts/_messages.html.erb (0.1ms)
Completed 200 OK in 49ms (Views: 48.5ms | ActiveRecord: 0.0ms)


Started GET "/" for 127.0.0.1 at 2013-01-05 18:44:10 -0300
Processing by HomeController#index as HTML
  Rendered home/index.html.erb within layouts/application (0.0ms)
  Rendered layouts/_navigation.html.erb (2.2ms)
  Rendered layouts/_messages.html.erb (0.1ms)
Completed 200 OK in 33ms (Views: 32.9ms | ActiveRecord: 0.0ms)


Started GET "/" for 127.0.0.1 at 2013-01-05 18:46:05 -0300
Processing by HomeController#index as HTML
  Rendered home/index.html.erb within layouts/application (0.4ms)
  Rendered layouts/_navigation.html.erb (1.2ms)
  Rendered layouts/_messages.html.erb (0.1ms)
Completed 200 OK in 32ms (Views: 32.2ms | ActiveRecord: 0.0ms)


Started GET "/users/sign_in" for 127.0.0.1 at 2013-01-05 18:46:10 -0300
Processing by Devise::SessionsController#new as HTML
  Rendered devise/shared/_links.html.erb (0.4ms)
  Rendered devise/sessions/new.html.erb within layouts/application (9.0ms)
  Rendered layouts/_navigation.html.erb (0.9ms)
  Rendered layouts/_messages.html.erb (0.0ms)
Completed 200 OK in 32ms (Views: 31.1ms | ActiveRecord: 0.0ms)


Started POST "/users/sign_in" for 127.0.0.1 at 2013-01-05 18:46:15 -0300
Processing by Devise::SessionsController#create as HTML
  Parameters: {"utf8"=>"✓", "authenticity_token"=>"3Odacj+kpWkACb1yS9nI8A+5Ky0FrnT8GwvDFqpdZuo=", "user"=>{"email"=>"user@example.com", "password"=>"[FILTERED]", "remember_me"=>"0"}, "commit"=>"Sign in"}
  [1m[35mUser Load (0.3ms)[0m  SELECT "users".* FROM "users" WHERE "users"."email" = 'user@example.com' LIMIT 1
  [1m[36m (0.1ms)[0m  [1mbegin transaction[0m
  [1m[35m (0.5ms)[0m  UPDATE "users" SET "last_sign_in_at" = '2013-01-05 21:33:48.472062', "current_sign_in_at" = '2013-01-05 21:46:16.133011', "sign_in_count" = 3, "updated_at" = '2013-01-05 21:46:16.134068' WHERE "users"."id" = 1
  [1m[36m (187.9ms)[0m  [1mcommit transaction[0m
Redirected to http://0.0.0.0:3000/
Completed 302 Found in 324ms (ActiveRecord: 0.0ms)


Started GET "/" for 127.0.0.1 at 2013-01-05 18:46:16 -0300
  [1m[35mUser Load (0.3ms)[0m  SELECT "users".* FROM "users" WHERE "users"."id" = 1 LIMIT 1
Processing by HomeController#index as HTML
  Rendered home/index.html.erb within layouts/application (0.0ms)
  [1m[36m (0.3ms)[0m  [1mSELECT COUNT(*) FROM "roles" INNER JOIN "users_roles" ON "roles"."id" = "users_roles"."role_id" WHERE "users_roles"."user_id" = 1 AND (((roles.name = 'admin') AND (roles.resource_type IS NULL) AND (roles.resource_id IS NULL)))[0m
  Rendered layouts/_navigation.html.erb (4.1ms)
  Rendered layouts/_messages.html.erb (0.1ms)
Completed 200 OK in 24ms (Views: 23.5ms | ActiveRecord: 0.3ms)


Started GET "/" for 127.0.0.1 at 2013-01-05 18:46:23 -0300
  [1m[35mUser Load (0.3ms)[0m  SELECT "users".* FROM "users" WHERE "users"."id" = 1 LIMIT 1
Processing by HomeController#index as HTML
  Rendered home/index.html.erb within layouts/application (0.1ms)
  [1m[36m (0.2ms)[0m  [1mSELECT COUNT(*) FROM "roles" INNER JOIN "users_roles" ON "roles"."id" = "users_roles"."role_id" WHERE "users_roles"."user_id" = 1 AND (((roles.name = 'admin') AND (roles.resource_type IS NULL) AND (roles.resource_id IS NULL)))[0m
  Rendered layouts/_navigation.html.erb (3.2ms)
  Rendered layouts/_messages.html.erb (0.1ms)
Completed 200 OK in 24ms (Views: 23.1ms | ActiveRecord: 0.2ms)


Started GET "/" for 127.0.0.1 at 2013-01-05 18:46:58 -0300
  [1m[35mUser Load (0.2ms)[0m  SELECT "users".* FROM "users" WHERE "users"."id" = 1 LIMIT 1
Processing by HomeController#index as HTML
  Rendered home/index.html.erb within layouts/application (0.0ms)
  [1m[36m (0.1ms)[0m  [1mSELECT COUNT(*) FROM "roles" INNER JOIN "users_roles" ON "roles"."id" = "users_roles"."role_id" WHERE "users_roles"."user_id" = 1 AND (((roles.name = 'admin') AND (roles.resource_type IS NULL) AND (roles.resource_id IS NULL)))[0m
  Rendered layouts/_navigation.html.erb (14.3ms)
  Rendered layouts/_messages.html.erb (0.1ms)
Completed 200 OK in 93ms (Views: 41.5ms | ActiveRecord: 0.6ms)


Started GET "/" for 127.0.0.1 at 2013-01-05 18:47:00 -0300
  [1m[35mUser Load (0.3ms)[0m  SELECT "users".* FROM "users" WHERE "users"."id" = 1 LIMIT 1
Processing by HomeController#index as HTML
  Rendered home/index.html.erb within layouts/application (0.0ms)
  [1m[36m (0.3ms)[0m  [1mSELECT COUNT(*) FROM "roles" INNER JOIN "users_roles" ON "roles"."id" = "users_roles"."role_id" WHERE "users_roles"."user_id" = 1 AND (((roles.name = 'admin') AND (roles.resource_type IS NULL) AND (roles.resource_id IS NULL)))[0m
  Rendered layouts/_navigation.html.erb (4.1ms)
  Rendered layouts/_messages.html.erb (0.1ms)
Completed 200 OK in 24ms (Views: 24.0ms | ActiveRecord: 0.3ms)


Started DELETE "/users/sign_out" for 127.0.0.1 at 2013-01-05 18:47:02 -0300
Processing by Devise::SessionsController#destroy as HTML
  Parameters: {"authenticity_token"=>"3Odacj+kpWkACb1yS9nI8A+5Ky0FrnT8GwvDFqpdZuo="}
  [1m[35mUser Load (0.2ms)[0m  SELECT "users".* FROM "users" WHERE "users"."id" = 1 LIMIT 1
  [1m[36m (0.0ms)[0m  [1mbegin transaction[0m
  [1m[35m (0.0ms)[0m  commit transaction
Redirected to http://0.0.0.0:3000/
Completed 302 Found in 5ms (ActiveRecord: 0.3ms)


Started GET "/" for 127.0.0.1 at 2013-01-05 18:47:02 -0300
Processing by HomeController#index as HTML
Completed 401 Unauthorized in 0ms


Started GET "/users/sign_in" for 127.0.0.1 at 2013-01-05 18:47:02 -0300
Processing by Devise::SessionsController#new as HTML
  Rendered devise/shared/_links.html.erb (0.6ms)
  Rendered devise/sessions/new.html.erb within layouts/application (13.8ms)
  Rendered layouts/_navigation.html.erb (1.2ms)
  Rendered layouts/_messages.html.erb (0.1ms)
Completed 200 OK in 49ms (Views: 47.7ms | ActiveRecord: 0.0ms)


Started GET "/" for 127.0.0.1 at 2013-01-05 18:47:03 -0300
Processing by HomeController#index as HTML
Completed 401 Unauthorized in 0ms


Started GET "/users/sign_in" for 127.0.0.1 at 2013-01-05 18:47:03 -0300
Processing by Devise::SessionsController#new as HTML
  Rendered devise/shared/_links.html.erb (0.6ms)
  Rendered devise/sessions/new.html.erb within layouts/application (14.2ms)
  Rendered layouts/_navigation.html.erb (41.0ms)
  Rendered layouts/_messages.html.erb (0.2ms)
Completed 200 OK in 90ms (Views: 89.1ms | ActiveRecord: 0.0ms)


Started GET "/" for 127.0.0.1 at 2013-01-05 18:47:11 -0300
Processing by HomeController#index as HTML
Completed 401 Unauthorized in 0ms


Started GET "/users/sign_in" for 127.0.0.1 at 2013-01-05 18:47:11 -0300
Processing by Devise::SessionsController#new as HTML
  Rendered devise/shared/_links.html.erb (0.6ms)
  Rendered devise/sessions/new.html.erb within layouts/application (14.1ms)
  Rendered layouts/_navigation.html.erb (1.3ms)
  Rendered layouts/_messages.html.erb (0.1ms)
Completed 200 OK in 88ms (Views: 87.3ms | ActiveRecord: 0.0ms)


Started GET "/users/sign_in" for 127.0.0.1 at 2013-01-05 18:47:12 -0300
Processing by Devise::SessionsController#new as HTML
  Rendered devise/shared/_links.html.erb (0.8ms)
  Rendered devise/sessions/new.html.erb within layouts/application (54.6ms)
  Rendered layouts/_navigation.html.erb (1.5ms)
  Rendered layouts/_messages.html.erb (0.1ms)
Completed 200 OK in 89ms (Views: 88.5ms | ActiveRecord: 0.0ms)


Started GET "/users/sign_up" for 127.0.0.1 at 2013-01-05 18:47:14 -0300
Processing by Devise::RegistrationsController#new as HTML
  Rendered devise/shared/_links.html.erb (0.6ms)
  Rendered devise/registrations/new.html.erb within layouts/application (14.7ms)
  Rendered layouts/_navigation.html.erb (1.3ms)
  Rendered layouts/_messages.html.erb (0.1ms)
Completed 200 OK in 52ms (Views: 50.6ms | ActiveRecord: 0.0ms)


Started GET "/" for 127.0.0.1 at 2013-01-05 18:47:15 -0300
Processing by HomeController#index as HTML
Completed 401 Unauthorized in 0ms


Started GET "/users/sign_in" for 127.0.0.1 at 2013-01-05 18:47:15 -0300
Processing by Devise::SessionsController#new as HTML
  Rendered devise/shared/_links.html.erb (0.7ms)
  Rendered devise/sessions/new.html.erb within layouts/application (14.7ms)
  Rendered layouts/_navigation.html.erb (1.3ms)
  Rendered layouts/_messages.html.erb (0.2ms)
Completed 200 OK in 44ms (Views: 42.9ms | ActiveRecord: 0.0ms)


Started GET "/" for 127.0.0.1 at 2013-01-05 18:50:09 -0300
Processing by HomeController#index as HTML
  Rendered home/index.html.erb within layouts/application (0.1ms)
  Rendered layouts/_navigation.html.erb (1.3ms)
  Rendered layouts/_messages.html.erb (0.1ms)
Completed 200 OK in 77ms (Views: 76.5ms | ActiveRecord: 0.0ms)


Started GET "/users/sign_in" for 127.0.0.1 at 2013-01-05 18:50:14 -0300
Processing by Devise::SessionsController#new as HTML
  Rendered devise/shared/_links.html.erb (0.4ms)
  Rendered devise/sessions/new.html.erb within layouts/application (9.9ms)
  Rendered layouts/_navigation.html.erb (1.2ms)
  Rendered layouts/_messages.html.erb (0.1ms)
Completed 200 OK in 51ms (Views: 34.0ms | ActiveRecord: 0.7ms)


Started POST "/users/sign_in" for 127.0.0.1 at 2013-01-05 18:50:19 -0300
Processing by Devise::SessionsController#create as HTML
  Parameters: {"utf8"=>"✓", "authenticity_token"=>"vsEhjSx78WLzLtkuUeeaY5Nm4ElsC8b7k/8HWg/Jbu8=", "user"=>{"email"=>"user@example.com", "password"=>"[FILTERED]", "remember_me"=>"0"}, "commit"=>"Sign in"}
  [1m[36mUser Load (0.3ms)[0m  [1mSELECT "users".* FROM "users" WHERE "users"."email" = 'user@example.com' LIMIT 1[0m
  [1m[35m (0.1ms)[0m  begin transaction
  [1m[36m (0.6ms)[0m  [1mUPDATE "users" SET "last_sign_in_at" = '2013-01-05 21:46:16.133011', "current_sign_in_at" = '2013-01-05 21:50:19.806737', "sign_in_count" = 4, "updated_at" = '2013-01-05 21:50:19.808218' WHERE "users"."id" = 1[0m
  [1m[35m (191.9ms)[0m  commit transaction
Redirected to http://0.0.0.0:3000/
Completed 302 Found in 319ms (ActiveRecord: 0.0ms)


Started GET "/" for 127.0.0.1 at 2013-01-05 18:50:20 -0300
  [1m[36mUser Load (0.3ms)[0m  [1mSELECT "users".* FROM "users" WHERE "users"."id" = 1 LIMIT 1[0m
Processing by HomeController#index as HTML
  [1m[35mUser Load (0.3ms)[0m  SELECT "users".* FROM "users" 
  Rendered home/index.html.erb within layouts/application (0.0ms)
  [1m[36m (0.1ms)[0m  [1mSELECT COUNT(*) FROM "roles" INNER JOIN "users_roles" ON "roles"."id" = "users_roles"."role_id" WHERE "users_roles"."user_id" = 1 AND (((roles.name = 'admin') AND (roles.resource_type IS NULL) AND (roles.resource_id IS NULL)))[0m
  Rendered layouts/_navigation.html.erb (14.5ms)
  Rendered layouts/_messages.html.erb (0.1ms)
Completed 200 OK in 35ms (Views: 33.4ms | ActiveRecord: 0.9ms)


Started GET "/" for 127.0.0.1 at 2013-01-05 18:50:22 -0300
  [1m[35mUser Load (0.4ms)[0m  SELECT "users".* FROM "users" WHERE "users"."id" = 1 LIMIT 1
Processing by HomeController#index as HTML
  [1m[36mUser Load (0.3ms)[0m  [1mSELECT "users".* FROM "users" [0m
  Rendered home/index.html.erb within layouts/application (0.0ms)
  [1m[35m (0.3ms)[0m  SELECT COUNT(*) FROM "roles" INNER JOIN "users_roles" ON "roles"."id" = "users_roles"."role_id" WHERE "users_roles"."user_id" = 1 AND (((roles.name = 'admin') AND (roles.resource_type IS NULL) AND (roles.resource_id IS NULL)))
  Rendered layouts/_navigation.html.erb (4.3ms)
  Rendered layouts/_messages.html.erb (0.1ms)
Completed 200 OK in 36ms (Views: 34.1ms | ActiveRecord: 0.5ms)


Started GET "/" for 127.0.0.1 at 2013-01-05 18:53:15 -0300
  [1m[36mUser Load (0.3ms)[0m  [1mSELECT "users".* FROM "users" WHERE "users"."id" = 1 LIMIT 1[0m
Processing by HomeController#index as HTML
  [1m[35mUser Load (0.3ms)[0m  SELECT "users".* FROM "users" 
  Rendered home/index.html.erb within layouts/application (1.7ms)
  [1m[36m (0.2ms)[0m  [1mSELECT COUNT(*) FROM "roles" INNER JOIN "users_roles" ON "roles"."id" = "users_roles"."role_id" WHERE "users_roles"."user_id" = 1 AND (((roles.name = 'admin') AND (roles.resource_type IS NULL) AND (roles.resource_id IS NULL)))[0m
  Rendered layouts/_navigation.html.erb (4.2ms)
  Rendered layouts/_messages.html.erb (0.1ms)
Completed 200 OK in 37ms (Views: 35.3ms | ActiveRecord: 0.5ms)


Started GET "/users/2" for 127.0.0.1 at 2013-01-05 18:53:18 -0300
Processing by UsersController#show as HTML
  Parameters: {"id"=>"2"}
  [1m[35mUser Load (0.2ms)[0m  SELECT "users".* FROM "users" WHERE "users"."id" = 1 LIMIT 1
  [1m[36mUser Load (0.2ms)[0m  [1mSELECT "users".* FROM "users" WHERE "users"."id" = ? LIMIT 1[0m  [["id", "2"]]
  Rendered users/show.html.erb within layouts/application (0.1ms)
  [1m[35m (0.2ms)[0m  SELECT COUNT(*) FROM "roles" INNER JOIN "users_roles" ON "roles"."id" = "users_roles"."role_id" WHERE "users_roles"."user_id" = 1 AND (((roles.name = 'admin') AND (roles.resource_type IS NULL) AND (roles.resource_id IS NULL)))
  Rendered layouts/_navigation.html.erb (3.3ms)
  Rendered layouts/_messages.html.erb (0.1ms)
Completed 200 OK in 54ms (Views: 51.6ms | ActiveRecord: 0.6ms)


Started DELETE "/users/sign_out" for 127.0.0.1 at 2013-01-05 18:53:25 -0300
Processing by Devise::SessionsController#destroy as HTML
  Parameters: {"authenticity_token"=>"vsEhjSx78WLzLtkuUeeaY5Nm4ElsC8b7k/8HWg/Jbu8="}
  [1m[36mUser Load (0.2ms)[0m  [1mSELECT "users".* FROM "users" WHERE "users"."id" = 1 LIMIT 1[0m
  [1m[35m (0.2ms)[0m  begin transaction
  [1m[36m (0.0ms)[0m  [1mcommit transaction[0m
Redirected to http://0.0.0.0:3000/
Completed 302 Found in 31ms (ActiveRecord: 0.5ms)


Started GET "/" for 127.0.0.1 at 2013-01-05 18:53:25 -0300
Processing by HomeController#index as HTML
  Rendered home/index.html.erb within layouts/application (1.8ms)
Completed 500 Internal Server Error in 4ms

NoMethodError - undefined method `each' for nil:NilClass:
  app/views/home/index.html.erb:3:in `_app_views_home_index_html_erb___478421975_89723900'
  (gem) actionpack-3.2.9/lib/action_view/template.rb:145:in `block in render'
  (gem) activesupport-3.2.9/lib/active_support/notifications.rb:125:in `instrument'
  (gem) actionpack-3.2.9/lib/action_view/template.rb:143:in `render'
  (gem) actionpack-3.2.9/lib/action_view/renderer/template_renderer.rb:47:in `block (2 levels) in render_template'
  (gem) actionpack-3.2.9/lib/action_view/renderer/abstract_renderer.rb:38:in `block in instrument'
  (gem) activesupport-3.2.9/lib/active_support/notifications.rb:123:in `block in instrument'
  (gem) activesupport-3.2.9/lib/active_support/notifications/instrumenter.rb:20:in `instrument'
  (gem) activesupport-3.2.9/lib/active_support/notifications.rb:123:in `instrument'
  (gem) actionpack-3.2.9/lib/action_view/renderer/abstract_renderer.rb:38:in `instrument'
  (gem) actionpack-3.2.9/lib/action_view/renderer/template_renderer.rb:46:in `block in render_template'
  (gem) actionpack-3.2.9/lib/action_view/renderer/template_renderer.rb:54:in `render_with_layout'
  (gem) actionpack-3.2.9/lib/action_view/renderer/template_renderer.rb:45:in `render_template'
  (gem) actionpack-3.2.9/lib/action_view/renderer/template_renderer.rb:18:in `render'
  (gem) actionpack-3.2.9/lib/action_view/renderer/renderer.rb:36:in `render_template'
  (gem) actionpack-3.2.9/lib/action_view/renderer/renderer.rb:17:in `render'
  (gem) actionpack-3.2.9/lib/abstract_controller/rendering.rb:110:in `_render_template'
  (gem) actionpack-3.2.9/lib/action_controller/metal/streaming.rb:225:in `_render_template'
  (gem) actionpack-3.2.9/lib/abstract_controller/rendering.rb:103:in `render_to_body'
  (gem) actionpack-3.2.9/lib/action_controller/metal/renderers.rb:28:in `render_to_body'
  (gem) actionpack-3.2.9/lib/action_controller/metal/compatibility.rb:50:in `render_to_body'
  (gem) actionpack-3.2.9/lib/abstract_controller/rendering.rb:88:in `render'
  (gem) actionpack-3.2.9/lib/action_controller/metal/rendering.rb:16:in `render'
  (gem) actionpack-3.2.9/lib/action_controller/metal/instrumentation.rb:40:in `block (2 levels) in render'
  (gem) activesupport-3.2.9/lib/active_support/core_ext/benchmark.rb:5:in `block in ms'
  /home/luiz-varela/.rvm/rubies/ruby-1.9.3-p194/lib/ruby/1.9.1/benchmark.rb:295:in `realtime'
  (gem) activesupport-3.2.9/lib/active_support/core_ext/benchmark.rb:5:in `ms'
  (gem) actionpack-3.2.9/lib/action_controller/metal/instrumentation.rb:40:in `block in render'
  (gem) actionpack-3.2.9/lib/action_controller/metal/instrumentation.rb:83:in `cleanup_view_runtime'
  (gem) activerecord-3.2.9/lib/active_record/railties/controller_runtime.rb:24:in `cleanup_view_runtime'
  (gem) actionpack-3.2.9/lib/action_controller/metal/instrumentation.rb:39:in `render'
  (gem) actionpack-3.2.9/lib/action_controller/metal/implicit_render.rb:10:in `default_render'
  (gem) actionpack-3.2.9/lib/action_controller/metal/implicit_render.rb:5:in `send_action'
  (gem) actionpack-3.2.9/lib/abstract_controller/base.rb:167:in `process_action'
  (gem) actionpack-3.2.9/lib/action_controller/metal/rendering.rb:10:in `process_action'
  (gem) actionpack-3.2.9/lib/abstract_controller/callbacks.rb:18:in `block in process_action'
  (gem) activesupport-3.2.9/lib/active_support/callbacks.rb:414:in `_run__674459178__process_action__869095590__callbacks'
  (gem) activesupport-3.2.9/lib/active_support/callbacks.rb:405:in `__run_callback'
  (gem) activesupport-3.2.9/lib/active_support/callbacks.rb:385:in `_run_process_action_callbacks'
  (gem) activesupport-3.2.9/lib/active_support/callbacks.rb:81:in `run_callbacks'
  (gem) actionpack-3.2.9/lib/abstract_controller/callbacks.rb:17:in `process_action'
  (gem) actionpack-3.2.9/lib/action_controller/metal/rescue.rb:29:in `process_action'
  (gem) actionpack-3.2.9/lib/action_controller/metal/instrumentation.rb:30:in `block in process_action'
  (gem) activesupport-3.2.9/lib/active_support/notifications.rb:123:in `block in instrument'
  (gem) activesupport-3.2.9/lib/active_support/notifications/instrumenter.rb:20:in `instrument'
  (gem) activesupport-3.2.9/lib/active_support/notifications.rb:123:in `instrument'
  (gem) actionpack-3.2.9/lib/action_controller/metal/instrumentation.rb:29:in `process_action'
  (gem) actionpack-3.2.9/lib/action_controller/metal/params_wrapper.rb:207:in `process_action'
  (gem) activerecord-3.2.9/lib/active_record/railties/controller_runtime.rb:18:in `process_action'
  (gem) actionpack-3.2.9/lib/abstract_controller/base.rb:121:in `process'
  (gem) actionpack-3.2.9/lib/abstract_controller/rendering.rb:45:in `process'
  (gem) actionpack-3.2.9/lib/action_controller/metal.rb:203:in `dispatch'
  (gem) actionpack-3.2.9/lib/action_controller/metal/rack_delegation.rb:14:in `dispatch'
  (gem) actionpack-3.2.9/lib/action_controller/metal.rb:246:in `block in action'
  (gem) actionpack-3.2.9/lib/action_dispatch/routing/route_set.rb:73:in `call'
  (gem) actionpack-3.2.9/lib/action_dispatch/routing/route_set.rb:73:in `dispatch'
  (gem) actionpack-3.2.9/lib/action_dispatch/routing/route_set.rb:36:in `call'
  (gem) journey-1.0.4/lib/journey/router.rb:68:in `block in call'
  (gem) journey-1.0.4/lib/journey/router.rb:56:in `each'
  (gem) journey-1.0.4/lib/journey/router.rb:56:in `call'
  (gem) actionpack-3.2.9/lib/action_dispatch/routing/route_set.rb:601:in `call'
  (gem) better_errors-0.3.0/lib/better_errors/middleware.rb:51:in `app_call'
  (gem) better_errors-0.3.0/lib/better_errors/middleware.rb:45:in `call'
  (gem) warden-1.2.1/lib/warden/manager.rb:35:in `block in call'
  (gem) warden-1.2.1/lib/warden/manager.rb:34:in `catch'
  (gem) warden-1.2.1/lib/warden/manager.rb:34:in `call'
  (gem) actionpack-3.2.9/lib/action_dispatch/middleware/best_standards_support.rb:17:in `call'
  (gem) rack-1.4.1/lib/rack/etag.rb:23:in `call'
  (gem) rack-1.4.1/lib/rack/conditionalget.rb:25:in `call'
  (gem) actionpack-3.2.9/lib/action_dispatch/middleware/head.rb:14:in `call'
  (gem) actionpack-3.2.9/lib/action_dispatch/middleware/params_parser.rb:21:in `call'
  (gem) actionpack-3.2.9/lib/action_dispatch/middleware/flash.rb:242:in `call'
  (gem) rack-1.4.1/lib/rack/session/abstract/id.rb:205:in `context'
  (gem) rack-1.4.1/lib/rack/session/abstract/id.rb:200:in `call'
  (gem) actionpack-3.2.9/lib/action_dispatch/middleware/cookies.rb:341:in `call'
  (gem) activerecord-3.2.9/lib/active_record/query_cache.rb:64:in `call'
  (gem) activerecord-3.2.9/lib/active_record/connection_adapters/abstract/connection_pool.rb:479:in `call'
  (gem) actionpack-3.2.9/lib/action_dispatch/middleware/callbacks.rb:28:in `block in call'
  (gem) activesupport-3.2.9/lib/active_support/callbacks.rb:405:in `_run__840516014__call__959100656__callbacks'
  (gem) activesupport-3.2.9/lib/active_support/callbacks.rb:405:in `__run_callback'
  (gem) activesupport-3.2.9/lib/active_support/callbacks.rb:385:in `_run_call_callbacks'
  (gem) activesupport-3.2.9/lib/active_support/callbacks.rb:81:in `run_callbacks'
  (gem) actionpack-3.2.9/lib/action_dispatch/middleware/callbacks.rb:27:in `call'
  (gem) actionpack-3.2.9/lib/action_dispatch/middleware/reloader.rb:65:in `call'
  (gem) actionpack-3.2.9/lib/action_dispatch/middleware/remote_ip.rb:31:in `call'
  (gem) actionpack-3.2.9/lib/action_dispatch/middleware/debug_exceptions.rb:16:in `call'
  (gem) actionpack-3.2.9/lib/action_dispatch/middleware/show_exceptions.rb:56:in `call'
  (gem) railties-3.2.9/lib/rails/rack/logger.rb:32:in `call_app'
  (gem) railties-3.2.9/lib/rails/rack/logger.rb:16:in `block in call'
  (gem) activesupport-3.2.9/lib/active_support/tagged_logging.rb:22:in `tagged'
  (gem) railties-3.2.9/lib/rails/rack/logger.rb:16:in `call'
  (gem) quiet_assets-1.0.1/lib/quiet_assets.rb:20:in `call_with_quiet_assets'
  (gem) better_errors-0.3.0/lib/better_errors/disable_logging_middleware.rb:11:in `call'
  (gem) actionpack-3.2.9/lib/action_dispatch/middleware/request_id.rb:22:in `call'
  (gem) rack-1.4.1/lib/rack/methodoverride.rb:21:in `call'
  (gem) rack-1.4.1/lib/rack/runtime.rb:17:in `call'
  (gem) activesupport-3.2.9/lib/active_support/cache/strategy/local_cache.rb:72:in `call'
  (gem) rack-1.4.1/lib/rack/lock.rb:15:in `call'
  (gem) actionpack-3.2.9/lib/action_dispatch/middleware/static.rb:62:in `call'
  (gem) railties-3.2.9/lib/rails/engine.rb:479:in `call'
  (gem) railties-3.2.9/lib/rails/application.rb:223:in `call'
  (gem) rack-1.4.1/lib/rack/content_length.rb:14:in `call'
  (gem) railties-3.2.9/lib/rails/rack/log_tailer.rb:17:in `call'
  (gem) rack-1.4.1/lib/rack/handler/webrick.rb:59:in `service'
  /home/luiz-varela/.rvm/rubies/ruby-1.9.3-p194/lib/ruby/1.9.1/webrick/httpserver.rb:138:in `service'
  /home/luiz-varela/.rvm/rubies/ruby-1.9.3-p194/lib/ruby/1.9.1/webrick/httpserver.rb:94:in `run'
  /home/luiz-varela/.rvm/rubies/ruby-1.9.3-p194/lib/ruby/1.9.1/webrick/server.rb:191:in `block in start_thread'



Started GET "/" for 127.0.0.1 at 2013-01-05 18:56:37 -0300
Processing by HomeController#index as HTML
  Rendered home/index.html.erb within layouts/application (0.8ms)
  Rendered layouts/_navigation.html.erb (0.9ms)
  Rendered layouts/_messages.html.erb (0.0ms)
Completed 200 OK in 23ms (Views: 22.5ms | ActiveRecord: 0.0ms)


Started GET "/users/sign_in" for 127.0.0.1 at 2013-01-05 18:56:46 -0300
Processing by Devise::SessionsController#new as HTML
  Rendered devise/shared/_links.html.erb (0.4ms)
  Rendered devise/sessions/new.html.erb within layouts/application (8.6ms)
  Rendered layouts/_navigation.html.erb (1.0ms)
  Rendered layouts/_messages.html.erb (0.0ms)
Completed 200 OK in 57ms (Views: 56.0ms | ActiveRecord: 0.0ms)


Started POST "/users/sign_in" for 127.0.0.1 at 2013-01-05 18:57:22 -0300
Processing by Devise::SessionsController#create as HTML
  Parameters: {"utf8"=>"✓", "authenticity_token"=>"gLaqTR6seksKokv3IMuyhX3lgE8AQtzxLbcgQeYWI4U=", "user"=>{"email"=>"user@example.com", "password"=>"[FILTERED]", "remember_me"=>"0"}, "commit"=>"Sign in"}
  [1m[35mUser Load (0.3ms)[0m  SELECT "users".* FROM "users" WHERE "users"."email" = 'user@example.com' LIMIT 1
  [1m[36m (0.1ms)[0m  [1mbegin transaction[0m
  [1m[35m (0.6ms)[0m  UPDATE "users" SET "last_sign_in_at" = '2013-01-05 21:50:19.806737', "current_sign_in_at" = '2013-01-05 21:57:22.881500', "sign_in_count" = 5, "updated_at" = '2013-01-05 21:57:22.882509' WHERE "users"."id" = 1
  [1m[36m (167.5ms)[0m  [1mcommit transaction[0m
Redirected to http://0.0.0.0:3000/
Completed 302 Found in 293ms (ActiveRecord: 0.0ms)


Started GET "/" for 127.0.0.1 at 2013-01-05 18:57:23 -0300
  [1m[35mUser Load (0.2ms)[0m  SELECT "users".* FROM "users" WHERE "users"."id" = 1 LIMIT 1
Processing by HomeController#index as HTML
  [1m[36mUser Load (0.3ms)[0m  [1mSELECT "users".* FROM "users" [0m
  Rendered home/index.html.erb within layouts/application (0.7ms)
  [1m[35m (0.2ms)[0m  SELECT COUNT(*) FROM "roles" INNER JOIN "users_roles" ON "roles"."id" = "users_roles"."role_id" WHERE "users_roles"."user_id" = 1 AND (((roles.name = 'admin') AND (roles.resource_type IS NULL) AND (roles.resource_id IS NULL)))
  Rendered layouts/_navigation.html.erb (3.3ms)
  Rendered layouts/_messages.html.erb (0.1ms)
Completed 200 OK in 51ms (Views: 49.9ms | ActiveRecord: 0.5ms)


Started GET "/" for 127.0.0.1 at 2013-01-05 18:57:26 -0300
  [1m[36mUser Load (0.2ms)[0m  [1mSELECT "users".* FROM "users" WHERE "users"."id" = 1 LIMIT 1[0m
Processing by HomeController#index as HTML
  [1m[35mUser Load (0.2ms)[0m  SELECT "users".* FROM "users" 
  Rendered home/index.html.erb within layouts/application (0.8ms)
  [1m[36m (0.2ms)[0m  [1mSELECT COUNT(*) FROM "roles" INNER JOIN "users_roles" ON "roles"."id" = "users_roles"."role_id" WHERE "users_roles"."user_id" = 1 AND (((roles.name = 'admin') AND (roles.resource_type IS NULL) AND (roles.resource_id IS NULL)))[0m
  Rendered layouts/_navigation.html.erb (3.2ms)
  Rendered layouts/_messages.html.erb (0.1ms)
Completed 200 OK in 51ms (Views: 49.6ms | ActiveRecord: 0.4ms)


Started DELETE "/users/sign_out" for 127.0.0.1 at 2013-01-05 18:57:27 -0300
Processing by Devise::SessionsController#destroy as HTML
  Parameters: {"authenticity_token"=>"gLaqTR6seksKokv3IMuyhX3lgE8AQtzxLbcgQeYWI4U="}
  [1m[35mUser Load (0.3ms)[0m  SELECT "users".* FROM "users" WHERE "users"."id" = 1 LIMIT 1
  [1m[36m (0.1ms)[0m  [1mbegin transaction[0m
  [1m[35m (0.0ms)[0m  commit transaction
Redirected to http://0.0.0.0:3000/
Completed 302 Found in 5ms (ActiveRecord: 0.4ms)


Started GET "/" for 127.0.0.1 at 2013-01-05 18:57:27 -0300
Processing by HomeController#index as HTML
  Rendered home/index.html.erb within layouts/application (0.1ms)
  Rendered layouts/_navigation.html.erb (0.8ms)
  Rendered layouts/_messages.html.erb (0.1ms)
Completed 200 OK in 21ms (Views: 21.2ms | ActiveRecord: 0.0ms)


Started GET "/users/sign_in" for 127.0.0.1 at 2013-01-05 18:58:08 -0300
Processing by Devise::SessionsController#new as HTML
  Rendered devise/shared/_links.html.erb (0.4ms)
  Rendered devise/sessions/new.html.erb within layouts/application (8.8ms)
  Rendered layouts/_navigation.html.erb (0.9ms)
  Rendered layouts/_messages.html.erb (0.0ms)
Completed 200 OK in 30ms (Views: 29.7ms | ActiveRecord: 0.0ms)


Started POST "/users/sign_in" for 127.0.0.1 at 2013-01-05 18:58:18 -0300
Processing by Devise::SessionsController#create as HTML
  Parameters: {"utf8"=>"✓", "authenticity_token"=>"M+C+iPG039Ix+djTNmGytKvO1uRlm8indZSo1uXUJYE=", "user"=>{"email"=>"user2@test.com", "password"=>"[FILTERED]", "remember_me"=>"0"}, "commit"=>"Sign in"}
  [1m[36mUser Load (0.3ms)[0m  [1mSELECT "users".* FROM "users" WHERE "users"."email" = 'user2@test.com' LIMIT 1[0m
  [1m[35m (0.1ms)[0m  begin transaction
  [1m[36m (0.5ms)[0m  [1mUPDATE "users" SET "current_sign_in_at" = '2013-01-05 21:58:18.622194', "sign_in_count" = 2, "updated_at" = '2013-01-05 21:58:18.623120' WHERE "users"."id" = 2[0m
  [1m[35m (265.8ms)[0m  commit transaction
Redirected to http://0.0.0.0:3000/
Completed 302 Found in 391ms (ActiveRecord: 0.0ms)


Started GET "/" for 127.0.0.1 at 2013-01-05 18:58:18 -0300
  [1m[36mUser Load (0.3ms)[0m  [1mSELECT "users".* FROM "users" WHERE "users"."id" = 2 LIMIT 1[0m
Processing by HomeController#index as HTML
  [1m[35mUser Load (0.3ms)[0m  SELECT "users".* FROM "users" 
  Rendered home/index.html.erb within layouts/application (1.0ms)
  [1m[36m (0.2ms)[0m  [1mSELECT COUNT(*) FROM "roles" INNER JOIN "users_roles" ON "roles"."id" = "users_roles"."role_id" WHERE "users_roles"."user_id" = 2 AND (((roles.name = 'admin') AND (roles.resource_type IS NULL) AND (roles.resource_id IS NULL)))[0m
  Rendered layouts/_navigation.html.erb (2.8ms)
  Rendered layouts/_messages.html.erb (0.1ms)
Completed 200 OK in 29ms (Views: 27.7ms | ActiveRecord: 0.5ms)


Started GET "/" for 127.0.0.1 at 2013-01-05 19:02:00 -0300
  [1m[35mUser Load (0.3ms)[0m  SELECT "users".* FROM "users" WHERE "users"."id" = 2 LIMIT 1
Processing by HomeController#index as HTML
  [1m[36mUser Load (0.2ms)[0m  [1mSELECT "users".* FROM "users" [0m
  Rendered home/index.html.erb within layouts/application (1.1ms)
  [1m[35m (0.2ms)[0m  SELECT COUNT(*) FROM "roles" INNER JOIN "users_roles" ON "roles"."id" = "users_roles"."role_id" WHERE "users_roles"."user_id" = 2 AND (((roles.name = 'admin') AND (roles.resource_type IS NULL) AND (roles.resource_id IS NULL)))
  Rendered layouts/_navigation.html.erb (2.9ms)
  Rendered layouts/_messages.html.erb (0.1ms)
Completed 200 OK in 29ms (Views: 27.2ms | ActiveRecord: 0.5ms)


Started DELETE "/users/sign_out" for 127.0.0.1 at 2013-01-05 19:02:02 -0300
Processing by Devise::SessionsController#destroy as HTML
  Parameters: {"authenticity_token"=>"M+C+iPG039Ix+djTNmGytKvO1uRlm8indZSo1uXUJYE="}
  [1m[36mUser Load (0.3ms)[0m  [1mSELECT "users".* FROM "users" WHERE "users"."id" = 2 LIMIT 1[0m
  [1m[35m (0.1ms)[0m  begin transaction
  [1m[36m (0.0ms)[0m  [1mcommit transaction[0m
Redirected to http://0.0.0.0:3000/
Completed 302 Found in 5ms (ActiveRecord: 0.4ms)


Started GET "/" for 127.0.0.1 at 2013-01-05 19:02:02 -0300
Processing by HomeController#index as HTML
  Rendered home/index.html.erb within layouts/application (0.1ms)
  Rendered layouts/_navigation.html.erb (0.8ms)
  Rendered layouts/_messages.html.erb (0.1ms)
Completed 200 OK in 21ms (Views: 21.2ms | ActiveRecord: 0.0ms)


Started GET "/" for 127.0.0.1 at 2013-01-05 19:02:05 -0300
Processing by HomeController#index as HTML
  Rendered home/index.html.erb within layouts/application (0.1ms)
  Rendered layouts/_navigation.html.erb (1.0ms)
  Rendered layouts/_messages.html.erb (0.0ms)
Completed 200 OK in 23ms (Views: 22.2ms | ActiveRecord: 0.0ms)


Started GET "/" for 127.0.0.1 at 2013-01-05 19:09:28 -0300
Processing by HomeController#index as HTML
  Rendered home/index.html.erb within layouts/application (0.1ms)
  Rendered layouts/_navigation.html.erb (0.8ms)
  Rendered layouts/_messages.html.erb (0.1ms)
Completed 200 OK in 23ms (Views: 22.4ms | ActiveRecord: 0.0ms)


Started GET "/" for 127.0.0.1 at 2013-01-05 19:09:35 -0300
Processing by HomeController#index as HTML
  Rendered home/index.html.erb within layouts/application (0.1ms)
  Rendered layouts/_navigation.html.erb (1.0ms)
  Rendered layouts/_messages.html.erb (0.0ms)
Completed 200 OK in 66ms (Views: 66.1ms | ActiveRecord: 0.0ms)
